
*** Running vivado
    with args -log module_ads7056_microblaze_0_xlconcat_0.vds -m64 -product Vivado -mode batch -messageDb vivado.pb -notrace -source module_ads7056_microblaze_0_xlconcat_0.tcl


****** Vivado v2017.2 (64-bit)
  **** SW Build 1909853 on Thu Jun 15 18:39:09 MDT 2017
  **** IP Build 1909766 on Thu Jun 15 19:58:00 MDT 2017
    ** Copyright 1986-2017 Xilinx, Inc. All Rights Reserved.

source module_ads7056_microblaze_0_xlconcat_0.tcl -notrace
Starting RTL Elaboration : Time (s): cpu = 00:00:05 ; elapsed = 00:00:07 . Memory (MB): peak = 315.688 ; gain = 78.832
INFO: [Synth 8-638] synthesizing module 'module_ads7056_microblaze_0_xlconcat_0' [d:/GIT_Project/20171031/TE_725_1023_mb/project_1/project_1.srcs/sources_1/bd/module_ads7056/ip/module_ads7056_microblaze_0_xlconcat_0/synth/module_ads7056_microblaze_0_xlconcat_0.v:58]
INFO: [Synth 8-638] synthesizing module 'xlconcat_v2_1_1_xlconcat' [d:/GIT_Project/20171031/TE_725_1023_mb/project_1/project_1.srcs/sources_1/bd/module_ads7056/ipshared/73b7/hdl/xlconcat_v2_1_vl_rfs.v:14]
INFO: [Synth 8-256] done synthesizing module 'xlconcat_v2_1_1_xlconcat' (1#1) [d:/GIT_Project/20171031/TE_725_1023_mb/project_1/project_1.srcs/sources_1/bd/module_ads7056/ipshared/73b7/hdl/xlconcat_v2_1_vl_rfs.v:14]
INFO: [Synth 8-256] done synthesizing module 'module_ads7056_microblaze_0_xlconcat_0' (2#1) [d:/GIT_Project/20171031/TE_725_1023_mb/project_1/project_1.srcs/sources_1/bd/module_ads7056/ip/module_ads7056_microblaze_0_xlconcat_0/synth/module_ads7056_microblaze_0_xlconcat_0.v:58]
Finished RTL Elaboration : Time (s): cpu = 00:00:07 ; elapsed = 00:00:09 . Memory (MB): peak = 355.766 ; gain = 118.910
Finished RTL Optimization Phase 1 : Time (s): cpu = 00:00:07 ; elapsed = 00:00:09 . Memory (MB): peak = 355.766 ; gain = 118.910
INFO: [Device 21-403] Loading part xc7a35tcsg324-2
Constraint Validation Runtime : Time (s): cpu = 00:00:00 ; elapsed = 00:00:00.026 . Memory (MB): peak = 551.336 ; gain = 0.000
Finished Constraint Validation : Time (s): cpu = 00:00:23 ; elapsed = 00:00:27 . Memory (MB): peak = 551.336 ; gain = 314.480
Finished Loading Part and Timing Information : Time (s): cpu = 00:00:23 ; elapsed = 00:00:27 . Memory (MB): peak = 551.336 ; gain = 314.480
Finished applying 'set_property' XDC Constraints : Time (s): cpu = 00:00:23 ; elapsed = 00:00:27 . Memory (MB): peak = 551.336 ; gain = 314.480
Finished RTL Optimization Phase 2 : Time (s): cpu = 00:00:23 ; elapsed = 00:00:27 . Memory (MB): peak = 551.336 ; gain = 314.480
Finished Cross Boundary and Area Optimization : Time (s): cpu = 00:00:23 ; elapsed = 00:00:28 . Memory (MB): peak = 551.336 ; gain = 314.480
Finished Applying XDC Timing Constraints : Time (s): cpu = 00:00:46 ; elapsed = 00:00:58 . Memory (MB): peak = 589.832 ; gain = 352.977
Finished Timing Optimization : Time (s): cpu = 00:00:46 ; elapsed = 00:00:58 . Memory (MB): peak = 589.832 ; gain = 352.977
Finished Technology Mapping : Time (s): cpu = 00:00:46 ; elapsed = 00:00:58 . Memory (MB): peak = 599.969 ; gain = 363.113
Finished IO Insertion : Time (s): cpu = 00:00:48 ; elapsed = 00:01:00 . Memory (MB): peak = 599.969 ; gain = 363.113
Finished Renaming Generated Instances : Time (s): cpu = 00:00:48 ; elapsed = 00:01:00 . Memory (MB): peak = 599.969 ; gain = 363.113
Finished Rebuilding User Hierarchy : Time (s): cpu = 00:00:48 ; elapsed = 00:01:00 . Memory (MB): peak = 599.969 ; gain = 363.113
Finished Renaming Generated Ports : Time (s): cpu = 00:00:48 ; elapsed = 00:01:00 . Memory (MB): peak = 599.969 ; gain = 363.113
Finished Handling Custom Attributes : Time (s): cpu = 00:00:48 ; elapsed = 00:01:00 . Memory (MB): peak = 599.969 ; gain = 363.113
Finished Renaming Generated Nets : Time (s): cpu = 00:00:48 ; elapsed = 00:01:00 . Memory (MB): peak = 599.969 ; gain = 363.113

Report Cell Usage: 
+-+-----+------+
| |Cell |Count |
+-+-----+------+
+-+-----+------+
Finished Writing Synthesis Report : Time (s): cpu = 00:00:48 ; elapsed = 00:01:00 . Memory (MB): peak = 599.969 ; gain = 363.113
synth_design: Time (s): cpu = 00:00:50 ; elapsed = 00:01:03 . Memory (MB): peak = 611.492 ; gain = 375.262
