
*** Running vivado
    with args -log module_ads7056_xbar_0.vds -m64 -product Vivado -mode batch -messageDb vivado.pb -notrace -source module_ads7056_xbar_0.tcl


****** Vivado v2017.2 (64-bit)
  **** SW Build 1909853 on Thu Jun 15 18:39:09 MDT 2017
  **** IP Build 1909766 on Thu Jun 15 19:58:00 MDT 2017
    ** Copyright 1986-2017 Xilinx, Inc. All Rights Reserved.

source module_ads7056_xbar_0.tcl -notrace
Starting RTL Elaboration : Time (s): cpu = 00:00:10 ; elapsed = 00:00:14 . Memory (MB): peak = 332.129 ; gain = 82.754
INFO: [Synth 8-638] synthesizing module 'module_ads7056_xbar_0' [d:/GIT_Project/20171031/TE_725_1023_mb/project_1/project_1.srcs/sources_1/bd/module_ads7056/ip/module_ads7056_xbar_0/synth/module_ads7056_xbar_0.v:59]
INFO: [Synth 8-638] synthesizing module 'axi_crossbar_v2_1_14_axi_crossbar' [d:/GIT_Project/20171031/TE_725_1023_mb/project_1/project_1.srcs/sources_1/bd/module_ads7056/ipshared/f582/hdl/axi_crossbar_v2_1_vl_rfs.v:4882]
INFO: [Synth 8-638] synthesizing module 'axi_crossbar_v2_1_14_crossbar_sasd' [d:/GIT_Project/20171031/TE_725_1023_mb/project_1/project_1.srcs/sources_1/bd/module_ads7056/ipshared/f582/hdl/axi_crossbar_v2_1_vl_rfs.v:1240]
INFO: [Synth 8-638] synthesizing module 'axi_crossbar_v2_1_14_addr_decoder' [d:/GIT_Project/20171031/TE_725_1023_mb/project_1/project_1.srcs/sources_1/bd/module_ads7056/ipshared/f582/hdl/axi_crossbar_v2_1_vl_rfs.v:794]
INFO: [Synth 8-638] synthesizing module 'generic_baseblocks_v2_1_0_comparator_static' [d:/GIT_Project/20171031/TE_725_1023_mb/project_1/project_1.srcs/sources_1/bd/module_ads7056/ipshared/f9c1/hdl/generic_baseblocks_v2_1_vl_rfs.v:2133]
INFO: [Synth 8-638] synthesizing module 'generic_baseblocks_v2_1_0_carry_and' [d:/GIT_Project/20171031/TE_725_1023_mb/project_1/project_1.srcs/sources_1/bd/module_ads7056/ipshared/f9c1/hdl/generic_baseblocks_v2_1_vl_rfs.v:62]
INFO: [Synth 8-256] done synthesizing module 'generic_baseblocks_v2_1_0_carry_and' (1#1) [d:/GIT_Project/20171031/TE_725_1023_mb/project_1/project_1.srcs/sources_1/bd/module_ads7056/ipshared/f9c1/hdl/generic_baseblocks_v2_1_vl_rfs.v:62]
INFO: [Synth 8-256] done synthesizing module 'generic_baseblocks_v2_1_0_comparator_static' (2#1) [d:/GIT_Project/20171031/TE_725_1023_mb/project_1/project_1.srcs/sources_1/bd/module_ads7056/ipshared/f9c1/hdl/generic_baseblocks_v2_1_vl_rfs.v:2133]
INFO: [Synth 8-638] synthesizing module 'generic_baseblocks_v2_1_0_comparator_static__parameterized0' [d:/GIT_Project/20171031/TE_725_1023_mb/project_1/project_1.srcs/sources_1/bd/module_ads7056/ipshared/f9c1/hdl/generic_baseblocks_v2_1_vl_rfs.v:2133]
INFO: [Synth 8-256] done synthesizing module 'generic_baseblocks_v2_1_0_comparator_static__parameterized0' (2#1) [d:/GIT_Project/20171031/TE_725_1023_mb/project_1/project_1.srcs/sources_1/bd/module_ads7056/ipshared/f9c1/hdl/generic_baseblocks_v2_1_vl_rfs.v:2133]
INFO: [Synth 8-638] synthesizing module 'generic_baseblocks_v2_1_0_comparator_static__parameterized1' [d:/GIT_Project/20171031/TE_725_1023_mb/project_1/project_1.srcs/sources_1/bd/module_ads7056/ipshared/f9c1/hdl/generic_baseblocks_v2_1_vl_rfs.v:2133]
INFO: [Synth 8-256] done synthesizing module 'generic_baseblocks_v2_1_0_comparator_static__parameterized1' (2#1) [d:/GIT_Project/20171031/TE_725_1023_mb/project_1/project_1.srcs/sources_1/bd/module_ads7056/ipshared/f9c1/hdl/generic_baseblocks_v2_1_vl_rfs.v:2133]
INFO: [Synth 8-638] synthesizing module 'generic_baseblocks_v2_1_0_comparator_static__parameterized2' [d:/GIT_Project/20171031/TE_725_1023_mb/project_1/project_1.srcs/sources_1/bd/module_ads7056/ipshared/f9c1/hdl/generic_baseblocks_v2_1_vl_rfs.v:2133]
INFO: [Synth 8-256] done synthesizing module 'generic_baseblocks_v2_1_0_comparator_static__parameterized2' (2#1) [d:/GIT_Project/20171031/TE_725_1023_mb/project_1/project_1.srcs/sources_1/bd/module_ads7056/ipshared/f9c1/hdl/generic_baseblocks_v2_1_vl_rfs.v:2133]
INFO: [Synth 8-256] done synthesizing module 'axi_crossbar_v2_1_14_addr_decoder' (3#1) [d:/GIT_Project/20171031/TE_725_1023_mb/project_1/project_1.srcs/sources_1/bd/module_ads7056/ipshared/f582/hdl/axi_crossbar_v2_1_vl_rfs.v:794]
INFO: [Synth 8-638] synthesizing module 'generic_baseblocks_v2_1_0_mux_enc' [d:/GIT_Project/20171031/TE_725_1023_mb/project_1/project_1.srcs/sources_1/bd/module_ads7056/ipshared/f9c1/hdl/generic_baseblocks_v2_1_vl_rfs.v:2452]
INFO: [Synth 8-256] done synthesizing module 'generic_baseblocks_v2_1_0_mux_enc' (4#1) [d:/GIT_Project/20171031/TE_725_1023_mb/project_1/project_1.srcs/sources_1/bd/module_ads7056/ipshared/f9c1/hdl/generic_baseblocks_v2_1_vl_rfs.v:2452]
INFO: [Synth 8-638] synthesizing module 'generic_baseblocks_v2_1_0_mux_enc__parameterized0' [d:/GIT_Project/20171031/TE_725_1023_mb/project_1/project_1.srcs/sources_1/bd/module_ads7056/ipshared/f9c1/hdl/generic_baseblocks_v2_1_vl_rfs.v:2452]
INFO: [Synth 8-256] done synthesizing module 'generic_baseblocks_v2_1_0_mux_enc__parameterized0' (4#1) [d:/GIT_Project/20171031/TE_725_1023_mb/project_1/project_1.srcs/sources_1/bd/module_ads7056/ipshared/f9c1/hdl/generic_baseblocks_v2_1_vl_rfs.v:2452]
INFO: [Synth 8-638] synthesizing module 'axi_crossbar_v2_1_14_decerr_slave' [d:/GIT_Project/20171031/TE_725_1023_mb/project_1/project_1.srcs/sources_1/bd/module_ads7056/ipshared/f582/hdl/axi_crossbar_v2_1_vl_rfs.v:3500]
INFO: [Synth 8-256] done synthesizing module 'axi_crossbar_v2_1_14_decerr_slave' (5#1) [d:/GIT_Project/20171031/TE_725_1023_mb/project_1/project_1.srcs/sources_1/bd/module_ads7056/ipshared/f582/hdl/axi_crossbar_v2_1_vl_rfs.v:3500]
INFO: [Synth 8-638] synthesizing module 'axi_crossbar_v2_1_14_addr_arbiter_sasd' [d:/GIT_Project/20171031/TE_725_1023_mb/project_1/project_1.srcs/sources_1/bd/module_ads7056/ipshared/f582/hdl/axi_crossbar_v2_1_vl_rfs.v:65]
INFO: [Synth 8-638] synthesizing module 'generic_baseblocks_v2_1_0_mux_enc__parameterized1' [d:/GIT_Project/20171031/TE_725_1023_mb/project_1/project_1.srcs/sources_1/bd/module_ads7056/ipshared/f9c1/hdl/generic_baseblocks_v2_1_vl_rfs.v:2452]
INFO: [Synth 8-256] done synthesizing module 'generic_baseblocks_v2_1_0_mux_enc__parameterized1' (5#1) [d:/GIT_Project/20171031/TE_725_1023_mb/project_1/project_1.srcs/sources_1/bd/module_ads7056/ipshared/f9c1/hdl/generic_baseblocks_v2_1_vl_rfs.v:2452]
INFO: [Synth 8-256] done synthesizing module 'axi_crossbar_v2_1_14_addr_arbiter_sasd' (6#1) [d:/GIT_Project/20171031/TE_725_1023_mb/project_1/project_1.srcs/sources_1/bd/module_ads7056/ipshared/f582/hdl/axi_crossbar_v2_1_vl_rfs.v:65]
INFO: [Synth 8-638] synthesizing module 'axi_crossbar_v2_1_14_splitter' [d:/GIT_Project/20171031/TE_725_1023_mb/project_1/project_1.srcs/sources_1/bd/module_ads7056/ipshared/f582/hdl/axi_crossbar_v2_1_vl_rfs.v:4459]
INFO: [Synth 8-256] done synthesizing module 'axi_crossbar_v2_1_14_splitter' (7#1) [d:/GIT_Project/20171031/TE_725_1023_mb/project_1/project_1.srcs/sources_1/bd/module_ads7056/ipshared/f582/hdl/axi_crossbar_v2_1_vl_rfs.v:4459]
INFO: [Synth 8-638] synthesizing module 'axi_crossbar_v2_1_14_splitter__parameterized0' [d:/GIT_Project/20171031/TE_725_1023_mb/project_1/project_1.srcs/sources_1/bd/module_ads7056/ipshared/f582/hdl/axi_crossbar_v2_1_vl_rfs.v:4459]
INFO: [Synth 8-256] done synthesizing module 'axi_crossbar_v2_1_14_splitter__parameterized0' (7#1) [d:/GIT_Project/20171031/TE_725_1023_mb/project_1/project_1.srcs/sources_1/bd/module_ads7056/ipshared/f582/hdl/axi_crossbar_v2_1_vl_rfs.v:4459]
INFO: [Synth 8-638] synthesizing module 'generic_baseblocks_v2_1_0_mux_enc__parameterized2' [d:/GIT_Project/20171031/TE_725_1023_mb/project_1/project_1.srcs/sources_1/bd/module_ads7056/ipshared/f9c1/hdl/generic_baseblocks_v2_1_vl_rfs.v:2452]
INFO: [Synth 8-256] done synthesizing module 'generic_baseblocks_v2_1_0_mux_enc__parameterized2' (7#1) [d:/GIT_Project/20171031/TE_725_1023_mb/project_1/project_1.srcs/sources_1/bd/module_ads7056/ipshared/f9c1/hdl/generic_baseblocks_v2_1_vl_rfs.v:2452]
INFO: [Synth 8-638] synthesizing module 'generic_baseblocks_v2_1_0_mux_enc__parameterized3' [d:/GIT_Project/20171031/TE_725_1023_mb/project_1/project_1.srcs/sources_1/bd/module_ads7056/ipshared/f9c1/hdl/generic_baseblocks_v2_1_vl_rfs.v:2452]
INFO: [Synth 8-256] done synthesizing module 'generic_baseblocks_v2_1_0_mux_enc__parameterized3' (7#1) [d:/GIT_Project/20171031/TE_725_1023_mb/project_1/project_1.srcs/sources_1/bd/module_ads7056/ipshared/f9c1/hdl/generic_baseblocks_v2_1_vl_rfs.v:2452]
INFO: [Synth 8-638] synthesizing module 'axi_register_slice_v2_1_13_axic_register_slice' [d:/GIT_Project/20171031/TE_725_1023_mb/project_1/project_1.srcs/sources_1/bd/module_ads7056/ipshared/55c0/hdl/axi_register_slice_v2_1_vl_rfs.v:85]
INFO: [Synth 8-256] done synthesizing module 'axi_register_slice_v2_1_13_axic_register_slice' (8#1) [d:/GIT_Project/20171031/TE_725_1023_mb/project_1/project_1.srcs/sources_1/bd/module_ads7056/ipshared/55c0/hdl/axi_register_slice_v2_1_vl_rfs.v:85]
INFO: [Synth 8-638] synthesizing module 'generic_baseblocks_v2_1_0_mux_enc__parameterized4' [d:/GIT_Project/20171031/TE_725_1023_mb/project_1/project_1.srcs/sources_1/bd/module_ads7056/ipshared/f9c1/hdl/generic_baseblocks_v2_1_vl_rfs.v:2452]
INFO: [Synth 8-256] done synthesizing module 'generic_baseblocks_v2_1_0_mux_enc__parameterized4' (8#1) [d:/GIT_Project/20171031/TE_725_1023_mb/project_1/project_1.srcs/sources_1/bd/module_ads7056/ipshared/f9c1/hdl/generic_baseblocks_v2_1_vl_rfs.v:2452]
INFO: [Synth 8-256] done synthesizing module 'axi_crossbar_v2_1_14_crossbar_sasd' (9#1) [d:/GIT_Project/20171031/TE_725_1023_mb/project_1/project_1.srcs/sources_1/bd/module_ads7056/ipshared/f582/hdl/axi_crossbar_v2_1_vl_rfs.v:1240]
INFO: [Synth 8-256] done synthesizing module 'axi_crossbar_v2_1_14_axi_crossbar' (10#1) [d:/GIT_Project/20171031/TE_725_1023_mb/project_1/project_1.srcs/sources_1/bd/module_ads7056/ipshared/f582/hdl/axi_crossbar_v2_1_vl_rfs.v:4882]
INFO: [Synth 8-256] done synthesizing module 'module_ads7056_xbar_0' (11#1) [d:/GIT_Project/20171031/TE_725_1023_mb/project_1/project_1.srcs/sources_1/bd/module_ads7056/ip/module_ads7056_xbar_0/synth/module_ads7056_xbar_0.v:59]
Finished RTL Elaboration : Time (s): cpu = 00:00:22 ; elapsed = 00:00:27 . Memory (MB): peak = 452.320 ; gain = 202.945
Finished RTL Optimization Phase 1 : Time (s): cpu = 00:00:22 ; elapsed = 00:00:28 . Memory (MB): peak = 452.320 ; gain = 202.945
INFO: [Device 21-403] Loading part xc7a35tcsg324-2
Constraint Validation Runtime : Time (s): cpu = 00:00:00 ; elapsed = 00:00:00.091 . Memory (MB): peak = 673.191 ; gain = 0.000
Finished Constraint Validation : Time (s): cpu = 00:00:40 ; elapsed = 00:00:48 . Memory (MB): peak = 673.191 ; gain = 423.816
Finished Loading Part and Timing Information : Time (s): cpu = 00:00:40 ; elapsed = 00:00:48 . Memory (MB): peak = 673.191 ; gain = 423.816
Finished applying 'set_property' XDC Constraints : Time (s): cpu = 00:00:40 ; elapsed = 00:00:48 . Memory (MB): peak = 673.191 ; gain = 423.816
Finished RTL Optimization Phase 2 : Time (s): cpu = 00:00:41 ; elapsed = 00:00:49 . Memory (MB): peak = 673.191 ; gain = 423.816
Finished Cross Boundary and Area Optimization : Time (s): cpu = 00:00:44 ; elapsed = 00:00:52 . Memory (MB): peak = 673.191 ; gain = 423.816
Finished Applying XDC Timing Constraints : Time (s): cpu = 00:01:07 ; elapsed = 00:01:18 . Memory (MB): peak = 673.191 ; gain = 423.816
Finished Timing Optimization : Time (s): cpu = 00:01:09 ; elapsed = 00:01:20 . Memory (MB): peak = 673.191 ; gain = 423.816
Finished Technology Mapping : Time (s): cpu = 00:01:09 ; elapsed = 00:01:20 . Memory (MB): peak = 674.430 ; gain = 425.055
Finished IO Insertion : Time (s): cpu = 00:01:10 ; elapsed = 00:01:21 . Memory (MB): peak = 674.430 ; gain = 425.055
Finished Renaming Generated Instances : Time (s): cpu = 00:01:10 ; elapsed = 00:01:22 . Memory (MB): peak = 674.430 ; gain = 425.055
Finished Rebuilding User Hierarchy : Time (s): cpu = 00:01:11 ; elapsed = 00:01:22 . Memory (MB): peak = 674.430 ; gain = 425.055
Finished Renaming Generated Ports : Time (s): cpu = 00:01:11 ; elapsed = 00:01:22 . Memory (MB): peak = 674.430 ; gain = 425.055
Finished Handling Custom Attributes : Time (s): cpu = 00:01:11 ; elapsed = 00:01:22 . Memory (MB): peak = 674.430 ; gain = 425.055
Finished Renaming Generated Nets : Time (s): cpu = 00:01:11 ; elapsed = 00:01:22 . Memory (MB): peak = 674.430 ; gain = 425.055

Report Cell Usage: 
+------+-----+------+
|      |Cell |Count |
+------+-----+------+
|1     |LUT1 |     2|
|2     |LUT2 |    29|
|3     |LUT3 |    43|
|4     |LUT4 |   132|
|5     |LUT5 |    55|
|6     |LUT6 |   101|
|7     |FDRE |   143|
|8     |FDSE |     1|
+------+-----+------+
Finished Writing Synthesis Report : Time (s): cpu = 00:01:11 ; elapsed = 00:01:22 . Memory (MB): peak = 674.430 ; gain = 425.055
synth_design: Time (s): cpu = 00:01:14 ; elapsed = 00:01:26 . Memory (MB): peak = 674.430 ; gain = 429.625
