
*** Running vivado
    with args -log module_ads7056_microblaze_0_xlconcat_0.vds -m64 -product Vivado -mode batch -messageDb vivado.pb -notrace -source module_ads7056_microblaze_0_xlconcat_0.tcl


****** Vivado v2016.4 (64-bit)
  **** SW Build 1756540 on Mon Jan 23 19:11:23 MST 2017
  **** IP Build 1755317 on Mon Jan 23 20:30:07 MST 2017
    ** Copyright 1986-2016 Xilinx, Inc. All Rights Reserved.

source module_ads7056_microblaze_0_xlconcat_0.tcl -notrace
Starting RTL Elaboration : Time (s): cpu = 00:00:06 ; elapsed = 00:00:08 . Memory (MB): peak = 292.953 ; gain = 82.805
INFO: [Synth 8-638] synthesizing module 'module_ads7056_microblaze_0_xlconcat_0' [c:/Users/nks/Desktop/TE_725_1023/project_1/project_1.srcs/sources_1/bd/module_ads7056/ip/module_ads7056_microblaze_0_xlconcat_0/synth/module_ads7056_microblaze_0_xlconcat_0.v:58]
INFO: [Synth 8-638] synthesizing module 'xlconcat' [c:/Users/nks/Desktop/TE_725_1023/project_1/project_1.srcs/sources_1/bd/module_ads7056/ipshared/2e37/xlconcat.v:14]
INFO: [Synth 8-256] done synthesizing module 'xlconcat' (1#1) [c:/Users/nks/Desktop/TE_725_1023/project_1/project_1.srcs/sources_1/bd/module_ads7056/ipshared/2e37/xlconcat.v:14]
INFO: [Synth 8-256] done synthesizing module 'module_ads7056_microblaze_0_xlconcat_0' (2#1) [c:/Users/nks/Desktop/TE_725_1023/project_1/project_1.srcs/sources_1/bd/module_ads7056/ip/module_ads7056_microblaze_0_xlconcat_0/synth/module_ads7056_microblaze_0_xlconcat_0.v:58]
Finished RTL Elaboration : Time (s): cpu = 00:00:07 ; elapsed = 00:00:09 . Memory (MB): peak = 330.402 ; gain = 120.254
Finished RTL Optimization Phase 1 : Time (s): cpu = 00:00:07 ; elapsed = 00:00:09 . Memory (MB): peak = 330.402 ; gain = 120.254
INFO: [Device 21-403] Loading part xc7a35tcsg324-2
Constraint Validation Runtime : Time (s): cpu = 00:00:00 ; elapsed = 00:00:00.016 . Memory (MB): peak = 523.570 ; gain = 0.000
Finished Constraint Validation : Time (s): cpu = 00:00:15 ; elapsed = 00:00:18 . Memory (MB): peak = 523.570 ; gain = 313.422
Finished Loading Part and Timing Information : Time (s): cpu = 00:00:15 ; elapsed = 00:00:18 . Memory (MB): peak = 523.570 ; gain = 313.422
Finished applying 'set_property' XDC Constraints : Time (s): cpu = 00:00:15 ; elapsed = 00:00:18 . Memory (MB): peak = 523.570 ; gain = 313.422
Finished RTL Optimization Phase 2 : Time (s): cpu = 00:00:15 ; elapsed = 00:00:18 . Memory (MB): peak = 523.570 ; gain = 313.422
Finished Cross Boundary and Area Optimization : Time (s): cpu = 00:00:16 ; elapsed = 00:00:19 . Memory (MB): peak = 523.570 ; gain = 313.422
Finished Applying XDC Timing Constraints : Time (s): cpu = 00:00:26 ; elapsed = 00:00:29 . Memory (MB): peak = 556.680 ; gain = 346.531
Finished Timing Optimization : Time (s): cpu = 00:00:26 ; elapsed = 00:00:29 . Memory (MB): peak = 556.680 ; gain = 346.531
Finished Technology Mapping : Time (s): cpu = 00:00:26 ; elapsed = 00:00:29 . Memory (MB): peak = 566.387 ; gain = 356.238
Finished IO Insertion : Time (s): cpu = 00:00:27 ; elapsed = 00:00:30 . Memory (MB): peak = 566.387 ; gain = 356.238
Finished Renaming Generated Instances : Time (s): cpu = 00:00:27 ; elapsed = 00:00:30 . Memory (MB): peak = 566.387 ; gain = 356.238
Finished Rebuilding User Hierarchy : Time (s): cpu = 00:00:27 ; elapsed = 00:00:30 . Memory (MB): peak = 566.387 ; gain = 356.238
Finished Renaming Generated Ports : Time (s): cpu = 00:00:27 ; elapsed = 00:00:30 . Memory (MB): peak = 566.387 ; gain = 356.238
Finished Handling Custom Attributes : Time (s): cpu = 00:00:27 ; elapsed = 00:00:30 . Memory (MB): peak = 566.387 ; gain = 356.238
Finished Renaming Generated Nets : Time (s): cpu = 00:00:27 ; elapsed = 00:00:30 . Memory (MB): peak = 566.387 ; gain = 356.238

Report Cell Usage: 
+-+-----+------+
| |Cell |Count |
+-+-----+------+
+-+-----+------+
Finished Writing Synthesis Report : Time (s): cpu = 00:00:27 ; elapsed = 00:00:30 . Memory (MB): peak = 566.387 ; gain = 356.238
synth_design: Time (s): cpu = 00:00:25 ; elapsed = 00:00:26 . Memory (MB): peak = 580.184 ; gain = 363.914
