
*** Running vivado
    with args -log module_ads7056_dlmb_v10_0.vds -m64 -product Vivado -mode batch -messageDb vivado.pb -notrace -source module_ads7056_dlmb_v10_0.tcl


****** Vivado v2016.4 (64-bit)
  **** SW Build 1756540 on Mon Jan 23 19:11:23 MST 2017
  **** IP Build 1755317 on Mon Jan 23 20:30:07 MST 2017
    ** Copyright 1986-2016 Xilinx, Inc. All Rights Reserved.

source module_ads7056_dlmb_v10_0.tcl -notrace
Starting RTL Elaboration : Time (s): cpu = 00:00:06 ; elapsed = 00:00:09 . Memory (MB): peak = 293.813 ; gain = 83.477
INFO: [Synth 8-638] synthesizing module 'module_ads7056_dlmb_v10_0' [c:/Users/nks/Desktop/TE_725_1023/project_1/project_1.srcs/sources_1/bd/module_ads7056/ip/module_ads7056_dlmb_v10_0/synth/module_ads7056_dlmb_v10_0.vhd:89]
INFO: [Synth 8-638] synthesizing module 'lmb_v10' [c:/Users/nks/Desktop/TE_725_1023/project_1/project_1.srcs/sources_1/bd/module_ads7056/ipshared/162e/hdl/lmb_v10_v3_0_vh_rfs.vhd:140]
INFO: [Synth 8-638] synthesizing module 'FDS' [C:/Xilinx/Vivado/2016.4/scripts/rt/data/unisim_comp.v:4087]
INFO: [Synth 8-256] done synthesizing module 'FDS' (1#1) [C:/Xilinx/Vivado/2016.4/scripts/rt/data/unisim_comp.v:4087]
INFO: [Synth 8-256] done synthesizing module 'lmb_v10' (2#1) [c:/Users/nks/Desktop/TE_725_1023/project_1/project_1.srcs/sources_1/bd/module_ads7056/ipshared/162e/hdl/lmb_v10_v3_0_vh_rfs.vhd:140]
INFO: [Synth 8-256] done synthesizing module 'module_ads7056_dlmb_v10_0' (3#1) [c:/Users/nks/Desktop/TE_725_1023/project_1/project_1.srcs/sources_1/bd/module_ads7056/ip/module_ads7056_dlmb_v10_0/synth/module_ads7056_dlmb_v10_0.vhd:89]
Finished RTL Elaboration : Time (s): cpu = 00:00:07 ; elapsed = 00:00:09 . Memory (MB): peak = 331.141 ; gain = 120.805
Finished RTL Optimization Phase 1 : Time (s): cpu = 00:00:07 ; elapsed = 00:00:10 . Memory (MB): peak = 331.141 ; gain = 120.805
INFO: [Device 21-403] Loading part xc7a35tcsg324-2
Constraint Validation Runtime : Time (s): cpu = 00:00:00 ; elapsed = 00:00:00.015 . Memory (MB): peak = 533.891 ; gain = 0.000
Finished Constraint Validation : Time (s): cpu = 00:00:15 ; elapsed = 00:00:19 . Memory (MB): peak = 533.891 ; gain = 323.555
Finished Loading Part and Timing Information : Time (s): cpu = 00:00:15 ; elapsed = 00:00:19 . Memory (MB): peak = 533.891 ; gain = 323.555
Finished applying 'set_property' XDC Constraints : Time (s): cpu = 00:00:15 ; elapsed = 00:00:19 . Memory (MB): peak = 533.891 ; gain = 323.555
Finished RTL Optimization Phase 2 : Time (s): cpu = 00:00:16 ; elapsed = 00:00:19 . Memory (MB): peak = 533.891 ; gain = 323.555
Finished Cross Boundary and Area Optimization : Time (s): cpu = 00:00:16 ; elapsed = 00:00:19 . Memory (MB): peak = 533.891 ; gain = 323.555
Finished Applying XDC Timing Constraints : Time (s): cpu = 00:00:26 ; elapsed = 00:00:30 . Memory (MB): peak = 557.289 ; gain = 346.953
Finished Timing Optimization : Time (s): cpu = 00:00:26 ; elapsed = 00:00:30 . Memory (MB): peak = 557.289 ; gain = 346.953
Finished Technology Mapping : Time (s): cpu = 00:00:26 ; elapsed = 00:00:30 . Memory (MB): peak = 566.816 ; gain = 356.480
Finished IO Insertion : Time (s): cpu = 00:00:27 ; elapsed = 00:00:31 . Memory (MB): peak = 566.816 ; gain = 356.480
Finished Renaming Generated Instances : Time (s): cpu = 00:00:27 ; elapsed = 00:00:31 . Memory (MB): peak = 566.816 ; gain = 356.480
Finished Rebuilding User Hierarchy : Time (s): cpu = 00:00:27 ; elapsed = 00:00:31 . Memory (MB): peak = 566.816 ; gain = 356.480
Finished Renaming Generated Ports : Time (s): cpu = 00:00:27 ; elapsed = 00:00:31 . Memory (MB): peak = 566.816 ; gain = 356.480
Finished Handling Custom Attributes : Time (s): cpu = 00:00:27 ; elapsed = 00:00:31 . Memory (MB): peak = 566.816 ; gain = 356.480
Finished Renaming Generated Nets : Time (s): cpu = 00:00:27 ; elapsed = 00:00:31 . Memory (MB): peak = 566.816 ; gain = 356.480

Report Cell Usage: 
+------+-----+------+
|      |Cell |Count |
+------+-----+------+
|1     |FDS  |     1|
+------+-----+------+
Finished Writing Synthesis Report : Time (s): cpu = 00:00:27 ; elapsed = 00:00:31 . Memory (MB): peak = 566.816 ; gain = 356.480
synth_design: Time (s): cpu = 00:00:25 ; elapsed = 00:00:27 . Memory (MB): peak = 592.652 ; gain = 376.266
