
*** Running vivado
    with args -log module_ads7056_xbar_0.vds -m64 -product Vivado -mode batch -messageDb vivado.pb -notrace -source module_ads7056_xbar_0.tcl


****** Vivado v2016.4 (64-bit)
  **** SW Build 1756540 on Mon Jan 23 19:11:23 MST 2017
  **** IP Build 1755317 on Mon Jan 23 20:30:07 MST 2017
    ** Copyright 1986-2016 Xilinx, Inc. All Rights Reserved.

source module_ads7056_xbar_0.tcl -notrace
Starting RTL Elaboration : Time (s): cpu = 00:00:11 ; elapsed = 00:00:15 . Memory (MB): peak = 311.719 ; gain = 102.090
INFO: [Synth 8-638] synthesizing module 'module_ads7056_xbar_0' [c:/Users/nks/Desktop/TE_725_1023/project_1/project_1.srcs/sources_1/bd/module_ads7056/ip/module_ads7056_xbar_0/synth/module_ads7056_xbar_0.v:59]
INFO: [Synth 8-638] synthesizing module 'axi_crossbar_v2_1_12_axi_crossbar' [c:/Users/nks/Desktop/TE_725_1023/project_1/project_1.srcs/sources_1/bd/module_ads7056/ipshared/896d/hdl/axi_crossbar_v2_1_vl_rfs.v:4882]
INFO: [Synth 8-638] synthesizing module 'axi_crossbar_v2_1_12_crossbar_sasd' [c:/Users/nks/Desktop/TE_725_1023/project_1/project_1.srcs/sources_1/bd/module_ads7056/ipshared/896d/hdl/axi_crossbar_v2_1_vl_rfs.v:1240]
INFO: [Synth 8-638] synthesizing module 'axi_crossbar_v2_1_12_addr_decoder' [c:/Users/nks/Desktop/TE_725_1023/project_1/project_1.srcs/sources_1/bd/module_ads7056/ipshared/896d/hdl/axi_crossbar_v2_1_vl_rfs.v:794]
INFO: [Synth 8-638] synthesizing module 'generic_baseblocks_v2_1_0_comparator_static' [c:/Users/nks/Desktop/TE_725_1023/project_1/project_1.srcs/sources_1/bd/module_ads7056/ipshared/7ee0/hdl/generic_baseblocks_v2_1_vl_rfs.v:2133]
INFO: [Synth 8-638] synthesizing module 'generic_baseblocks_v2_1_0_carry_and' [c:/Users/nks/Desktop/TE_725_1023/project_1/project_1.srcs/sources_1/bd/module_ads7056/ipshared/7ee0/hdl/generic_baseblocks_v2_1_vl_rfs.v:62]
INFO: [Synth 8-256] done synthesizing module 'generic_baseblocks_v2_1_0_carry_and' (1#1) [c:/Users/nks/Desktop/TE_725_1023/project_1/project_1.srcs/sources_1/bd/module_ads7056/ipshared/7ee0/hdl/generic_baseblocks_v2_1_vl_rfs.v:62]
INFO: [Synth 8-256] done synthesizing module 'generic_baseblocks_v2_1_0_comparator_static' (2#1) [c:/Users/nks/Desktop/TE_725_1023/project_1/project_1.srcs/sources_1/bd/module_ads7056/ipshared/7ee0/hdl/generic_baseblocks_v2_1_vl_rfs.v:2133]
INFO: [Synth 8-638] synthesizing module 'generic_baseblocks_v2_1_0_comparator_static__parameterized0' [c:/Users/nks/Desktop/TE_725_1023/project_1/project_1.srcs/sources_1/bd/module_ads7056/ipshared/7ee0/hdl/generic_baseblocks_v2_1_vl_rfs.v:2133]
INFO: [Synth 8-256] done synthesizing module 'generic_baseblocks_v2_1_0_comparator_static__parameterized0' (2#1) [c:/Users/nks/Desktop/TE_725_1023/project_1/project_1.srcs/sources_1/bd/module_ads7056/ipshared/7ee0/hdl/generic_baseblocks_v2_1_vl_rfs.v:2133]
INFO: [Synth 8-638] synthesizing module 'generic_baseblocks_v2_1_0_comparator_static__parameterized1' [c:/Users/nks/Desktop/TE_725_1023/project_1/project_1.srcs/sources_1/bd/module_ads7056/ipshared/7ee0/hdl/generic_baseblocks_v2_1_vl_rfs.v:2133]
INFO: [Synth 8-256] done synthesizing module 'generic_baseblocks_v2_1_0_comparator_static__parameterized1' (2#1) [c:/Users/nks/Desktop/TE_725_1023/project_1/project_1.srcs/sources_1/bd/module_ads7056/ipshared/7ee0/hdl/generic_baseblocks_v2_1_vl_rfs.v:2133]
INFO: [Synth 8-256] done synthesizing module 'axi_crossbar_v2_1_12_addr_decoder' (3#1) [c:/Users/nks/Desktop/TE_725_1023/project_1/project_1.srcs/sources_1/bd/module_ads7056/ipshared/896d/hdl/axi_crossbar_v2_1_vl_rfs.v:794]
INFO: [Synth 8-638] synthesizing module 'generic_baseblocks_v2_1_0_mux_enc' [c:/Users/nks/Desktop/TE_725_1023/project_1/project_1.srcs/sources_1/bd/module_ads7056/ipshared/7ee0/hdl/generic_baseblocks_v2_1_vl_rfs.v:2452]
INFO: [Synth 8-256] done synthesizing module 'generic_baseblocks_v2_1_0_mux_enc' (4#1) [c:/Users/nks/Desktop/TE_725_1023/project_1/project_1.srcs/sources_1/bd/module_ads7056/ipshared/7ee0/hdl/generic_baseblocks_v2_1_vl_rfs.v:2452]
INFO: [Synth 8-638] synthesizing module 'generic_baseblocks_v2_1_0_mux_enc__parameterized0' [c:/Users/nks/Desktop/TE_725_1023/project_1/project_1.srcs/sources_1/bd/module_ads7056/ipshared/7ee0/hdl/generic_baseblocks_v2_1_vl_rfs.v:2452]
INFO: [Synth 8-256] done synthesizing module 'generic_baseblocks_v2_1_0_mux_enc__parameterized0' (4#1) [c:/Users/nks/Desktop/TE_725_1023/project_1/project_1.srcs/sources_1/bd/module_ads7056/ipshared/7ee0/hdl/generic_baseblocks_v2_1_vl_rfs.v:2452]
INFO: [Synth 8-638] synthesizing module 'axi_crossbar_v2_1_12_decerr_slave' [c:/Users/nks/Desktop/TE_725_1023/project_1/project_1.srcs/sources_1/bd/module_ads7056/ipshared/896d/hdl/axi_crossbar_v2_1_vl_rfs.v:3500]
INFO: [Synth 8-256] done synthesizing module 'axi_crossbar_v2_1_12_decerr_slave' (5#1) [c:/Users/nks/Desktop/TE_725_1023/project_1/project_1.srcs/sources_1/bd/module_ads7056/ipshared/896d/hdl/axi_crossbar_v2_1_vl_rfs.v:3500]
INFO: [Synth 8-638] synthesizing module 'axi_crossbar_v2_1_12_addr_arbiter_sasd' [c:/Users/nks/Desktop/TE_725_1023/project_1/project_1.srcs/sources_1/bd/module_ads7056/ipshared/896d/hdl/axi_crossbar_v2_1_vl_rfs.v:65]
INFO: [Synth 8-638] synthesizing module 'generic_baseblocks_v2_1_0_mux_enc__parameterized1' [c:/Users/nks/Desktop/TE_725_1023/project_1/project_1.srcs/sources_1/bd/module_ads7056/ipshared/7ee0/hdl/generic_baseblocks_v2_1_vl_rfs.v:2452]
INFO: [Synth 8-256] done synthesizing module 'generic_baseblocks_v2_1_0_mux_enc__parameterized1' (5#1) [c:/Users/nks/Desktop/TE_725_1023/project_1/project_1.srcs/sources_1/bd/module_ads7056/ipshared/7ee0/hdl/generic_baseblocks_v2_1_vl_rfs.v:2452]
INFO: [Synth 8-256] done synthesizing module 'axi_crossbar_v2_1_12_addr_arbiter_sasd' (6#1) [c:/Users/nks/Desktop/TE_725_1023/project_1/project_1.srcs/sources_1/bd/module_ads7056/ipshared/896d/hdl/axi_crossbar_v2_1_vl_rfs.v:65]
INFO: [Synth 8-638] synthesizing module 'axi_crossbar_v2_1_12_splitter' [c:/Users/nks/Desktop/TE_725_1023/project_1/project_1.srcs/sources_1/bd/module_ads7056/ipshared/896d/hdl/axi_crossbar_v2_1_vl_rfs.v:4459]
INFO: [Synth 8-256] done synthesizing module 'axi_crossbar_v2_1_12_splitter' (7#1) [c:/Users/nks/Desktop/TE_725_1023/project_1/project_1.srcs/sources_1/bd/module_ads7056/ipshared/896d/hdl/axi_crossbar_v2_1_vl_rfs.v:4459]
INFO: [Synth 8-638] synthesizing module 'axi_crossbar_v2_1_12_splitter__parameterized0' [c:/Users/nks/Desktop/TE_725_1023/project_1/project_1.srcs/sources_1/bd/module_ads7056/ipshared/896d/hdl/axi_crossbar_v2_1_vl_rfs.v:4459]
INFO: [Synth 8-256] done synthesizing module 'axi_crossbar_v2_1_12_splitter__parameterized0' (7#1) [c:/Users/nks/Desktop/TE_725_1023/project_1/project_1.srcs/sources_1/bd/module_ads7056/ipshared/896d/hdl/axi_crossbar_v2_1_vl_rfs.v:4459]
INFO: [Synth 8-638] synthesizing module 'generic_baseblocks_v2_1_0_mux_enc__parameterized2' [c:/Users/nks/Desktop/TE_725_1023/project_1/project_1.srcs/sources_1/bd/module_ads7056/ipshared/7ee0/hdl/generic_baseblocks_v2_1_vl_rfs.v:2452]
INFO: [Synth 8-256] done synthesizing module 'generic_baseblocks_v2_1_0_mux_enc__parameterized2' (7#1) [c:/Users/nks/Desktop/TE_725_1023/project_1/project_1.srcs/sources_1/bd/module_ads7056/ipshared/7ee0/hdl/generic_baseblocks_v2_1_vl_rfs.v:2452]
INFO: [Synth 8-638] synthesizing module 'generic_baseblocks_v2_1_0_mux_enc__parameterized3' [c:/Users/nks/Desktop/TE_725_1023/project_1/project_1.srcs/sources_1/bd/module_ads7056/ipshared/7ee0/hdl/generic_baseblocks_v2_1_vl_rfs.v:2452]
INFO: [Synth 8-256] done synthesizing module 'generic_baseblocks_v2_1_0_mux_enc__parameterized3' (7#1) [c:/Users/nks/Desktop/TE_725_1023/project_1/project_1.srcs/sources_1/bd/module_ads7056/ipshared/7ee0/hdl/generic_baseblocks_v2_1_vl_rfs.v:2452]
INFO: [Synth 8-638] synthesizing module 'generic_baseblocks_v2_1_0_mux_enc__parameterized4' [c:/Users/nks/Desktop/TE_725_1023/project_1/project_1.srcs/sources_1/bd/module_ads7056/ipshared/7ee0/hdl/generic_baseblocks_v2_1_vl_rfs.v:2452]
INFO: [Synth 8-256] done synthesizing module 'generic_baseblocks_v2_1_0_mux_enc__parameterized4' (7#1) [c:/Users/nks/Desktop/TE_725_1023/project_1/project_1.srcs/sources_1/bd/module_ads7056/ipshared/7ee0/hdl/generic_baseblocks_v2_1_vl_rfs.v:2452]
INFO: [Synth 8-638] synthesizing module 'generic_baseblocks_v2_1_0_mux_enc__parameterized5' [c:/Users/nks/Desktop/TE_725_1023/project_1/project_1.srcs/sources_1/bd/module_ads7056/ipshared/7ee0/hdl/generic_baseblocks_v2_1_vl_rfs.v:2452]
INFO: [Synth 8-256] done synthesizing module 'generic_baseblocks_v2_1_0_mux_enc__parameterized5' (7#1) [c:/Users/nks/Desktop/TE_725_1023/project_1/project_1.srcs/sources_1/bd/module_ads7056/ipshared/7ee0/hdl/generic_baseblocks_v2_1_vl_rfs.v:2452]
INFO: [Synth 8-638] synthesizing module 'generic_baseblocks_v2_1_0_mux_enc__parameterized6' [c:/Users/nks/Desktop/TE_725_1023/project_1/project_1.srcs/sources_1/bd/module_ads7056/ipshared/7ee0/hdl/generic_baseblocks_v2_1_vl_rfs.v:2452]
INFO: [Synth 8-256] done synthesizing module 'generic_baseblocks_v2_1_0_mux_enc__parameterized6' (7#1) [c:/Users/nks/Desktop/TE_725_1023/project_1/project_1.srcs/sources_1/bd/module_ads7056/ipshared/7ee0/hdl/generic_baseblocks_v2_1_vl_rfs.v:2452]
INFO: [Synth 8-638] synthesizing module 'axi_register_slice_v2_1_11_axic_register_slice' [c:/Users/nks/Desktop/TE_725_1023/project_1/project_1.srcs/sources_1/bd/module_ads7056/ipshared/0b6b/hdl/axi_register_slice_v2_1_vl_rfs.v:85]
INFO: [Synth 8-256] done synthesizing module 'axi_register_slice_v2_1_11_axic_register_slice' (8#1) [c:/Users/nks/Desktop/TE_725_1023/project_1/project_1.srcs/sources_1/bd/module_ads7056/ipshared/0b6b/hdl/axi_register_slice_v2_1_vl_rfs.v:85]
INFO: [Synth 8-638] synthesizing module 'generic_baseblocks_v2_1_0_mux_enc__parameterized7' [c:/Users/nks/Desktop/TE_725_1023/project_1/project_1.srcs/sources_1/bd/module_ads7056/ipshared/7ee0/hdl/generic_baseblocks_v2_1_vl_rfs.v:2452]
INFO: [Synth 8-256] done synthesizing module 'generic_baseblocks_v2_1_0_mux_enc__parameterized7' (8#1) [c:/Users/nks/Desktop/TE_725_1023/project_1/project_1.srcs/sources_1/bd/module_ads7056/ipshared/7ee0/hdl/generic_baseblocks_v2_1_vl_rfs.v:2452]
INFO: [Synth 8-638] synthesizing module 'generic_baseblocks_v2_1_0_mux_enc__parameterized8' [c:/Users/nks/Desktop/TE_725_1023/project_1/project_1.srcs/sources_1/bd/module_ads7056/ipshared/7ee0/hdl/generic_baseblocks_v2_1_vl_rfs.v:2452]
INFO: [Synth 8-256] done synthesizing module 'generic_baseblocks_v2_1_0_mux_enc__parameterized8' (8#1) [c:/Users/nks/Desktop/TE_725_1023/project_1/project_1.srcs/sources_1/bd/module_ads7056/ipshared/7ee0/hdl/generic_baseblocks_v2_1_vl_rfs.v:2452]
INFO: [Synth 8-256] done synthesizing module 'axi_crossbar_v2_1_12_crossbar_sasd' (9#1) [c:/Users/nks/Desktop/TE_725_1023/project_1/project_1.srcs/sources_1/bd/module_ads7056/ipshared/896d/hdl/axi_crossbar_v2_1_vl_rfs.v:1240]
INFO: [Synth 8-256] done synthesizing module 'axi_crossbar_v2_1_12_axi_crossbar' (10#1) [c:/Users/nks/Desktop/TE_725_1023/project_1/project_1.srcs/sources_1/bd/module_ads7056/ipshared/896d/hdl/axi_crossbar_v2_1_vl_rfs.v:4882]
INFO: [Synth 8-256] done synthesizing module 'module_ads7056_xbar_0' (11#1) [c:/Users/nks/Desktop/TE_725_1023/project_1/project_1.srcs/sources_1/bd/module_ads7056/ip/module_ads7056_xbar_0/synth/module_ads7056_xbar_0.v:59]
Finished RTL Elaboration : Time (s): cpu = 00:00:18 ; elapsed = 00:00:22 . Memory (MB): peak = 427.926 ; gain = 218.297
Finished RTL Optimization Phase 1 : Time (s): cpu = 00:00:18 ; elapsed = 00:00:22 . Memory (MB): peak = 427.926 ; gain = 218.297
INFO: [Device 21-403] Loading part xc7a35tcsg324-2
Constraint Validation Runtime : Time (s): cpu = 00:00:01 ; elapsed = 00:00:00.066 . Memory (MB): peak = 649.023 ; gain = 0.000
Finished Constraint Validation : Time (s): cpu = 00:00:29 ; elapsed = 00:00:34 . Memory (MB): peak = 649.023 ; gain = 439.395
Finished Loading Part and Timing Information : Time (s): cpu = 00:00:29 ; elapsed = 00:00:34 . Memory (MB): peak = 649.023 ; gain = 439.395
Finished applying 'set_property' XDC Constraints : Time (s): cpu = 00:00:29 ; elapsed = 00:00:34 . Memory (MB): peak = 649.023 ; gain = 439.395
Finished RTL Optimization Phase 2 : Time (s): cpu = 00:00:29 ; elapsed = 00:00:35 . Memory (MB): peak = 649.023 ; gain = 439.395
Finished Cross Boundary and Area Optimization : Time (s): cpu = 00:00:31 ; elapsed = 00:00:37 . Memory (MB): peak = 649.023 ; gain = 439.395
Finished Applying XDC Timing Constraints : Time (s): cpu = 00:00:43 ; elapsed = 00:00:49 . Memory (MB): peak = 649.023 ; gain = 439.395
Finished Timing Optimization : Time (s): cpu = 00:00:44 ; elapsed = 00:00:51 . Memory (MB): peak = 649.023 ; gain = 439.395
Finished Technology Mapping : Time (s): cpu = 00:00:45 ; elapsed = 00:00:51 . Memory (MB): peak = 649.742 ; gain = 440.113
Finished IO Insertion : Time (s): cpu = 00:00:45 ; elapsed = 00:00:52 . Memory (MB): peak = 649.742 ; gain = 440.113
Finished Renaming Generated Instances : Time (s): cpu = 00:00:45 ; elapsed = 00:00:52 . Memory (MB): peak = 649.742 ; gain = 440.113
Finished Rebuilding User Hierarchy : Time (s): cpu = 00:00:46 ; elapsed = 00:00:52 . Memory (MB): peak = 649.742 ; gain = 440.113
Finished Renaming Generated Ports : Time (s): cpu = 00:00:46 ; elapsed = 00:00:52 . Memory (MB): peak = 649.742 ; gain = 440.113
Finished Handling Custom Attributes : Time (s): cpu = 00:00:46 ; elapsed = 00:00:52 . Memory (MB): peak = 649.742 ; gain = 440.113
Finished Renaming Generated Nets : Time (s): cpu = 00:00:46 ; elapsed = 00:00:52 . Memory (MB): peak = 649.742 ; gain = 440.113

Report Cell Usage: 
+------+-----+------+
|      |Cell |Count |
+------+-----+------+
|1     |LUT1 |     2|
|2     |LUT2 |    37|
|3     |LUT3 |    46|
|4     |LUT4 |   130|
|5     |LUT5 |    85|
|6     |LUT6 |   102|
|7     |FDRE |   144|
|8     |FDSE |     1|
+------+-----+------+
Finished Writing Synthesis Report : Time (s): cpu = 00:00:46 ; elapsed = 00:00:52 . Memory (MB): peak = 649.742 ; gain = 440.113
synth_design: Time (s): cpu = 00:00:44 ; elapsed = 00:00:47 . Memory (MB): peak = 659.313 ; gain = 431.758
