
*** Running vivado
    with args -log MAIN_CLK.vds -m64 -product Vivado -mode batch -messageDb vivado.pb -notrace -source MAIN_CLK.tcl


****** Vivado v2016.4 (64-bit)
  **** SW Build 1756540 on Mon Jan 23 19:11:23 MST 2017
  **** IP Build 1755317 on Mon Jan 23 20:30:07 MST 2017
    ** Copyright 1986-2016 Xilinx, Inc. All Rights Reserved.

source MAIN_CLK.tcl -notrace
Starting RTL Elaboration : Time (s): cpu = 00:00:07 ; elapsed = 00:00:11 . Memory (MB): peak = 293.289 ; gain = 83.250
INFO: [Synth 8-638] synthesizing module 'MAIN_CLK' [c:/Users/nks/Desktop/test_725/project_1/project_1.srcs/sources_1/ip/MAIN_CLK/MAIN_CLK.v:73]
INFO: [Synth 8-638] synthesizing module 'MAIN_CLK_clk_wiz' [c:/Users/nks/Desktop/test_725/project_1/project_1.srcs/sources_1/ip/MAIN_CLK/MAIN_CLK_clk_wiz.v:71]
INFO: [Synth 8-638] synthesizing module 'IBUF' [C:/Xilinx/Vivado/2016.4/scripts/rt/data/unisim_comp.v:14146]
INFO: [Synth 8-256] done synthesizing module 'IBUF' (1#1) [C:/Xilinx/Vivado/2016.4/scripts/rt/data/unisim_comp.v:14146]
INFO: [Synth 8-638] synthesizing module 'MMCME2_ADV' [C:/Xilinx/Vivado/2016.4/scripts/rt/data/unisim_comp.v:20414]
INFO: [Synth 8-256] done synthesizing module 'MMCME2_ADV' (2#1) [C:/Xilinx/Vivado/2016.4/scripts/rt/data/unisim_comp.v:20414]
INFO: [Synth 8-638] synthesizing module 'BUFG' [C:/Xilinx/Vivado/2016.4/scripts/rt/data/unisim_comp.v:607]
INFO: [Synth 8-256] done synthesizing module 'BUFG' (3#1) [C:/Xilinx/Vivado/2016.4/scripts/rt/data/unisim_comp.v:607]
INFO: [Synth 8-256] done synthesizing module 'MAIN_CLK_clk_wiz' (4#1) [c:/Users/nks/Desktop/test_725/project_1/project_1.srcs/sources_1/ip/MAIN_CLK/MAIN_CLK_clk_wiz.v:71]
INFO: [Synth 8-256] done synthesizing module 'MAIN_CLK' (5#1) [c:/Users/nks/Desktop/test_725/project_1/project_1.srcs/sources_1/ip/MAIN_CLK/MAIN_CLK.v:73]
Finished RTL Elaboration : Time (s): cpu = 00:00:08 ; elapsed = 00:00:12 . Memory (MB): peak = 330.801 ; gain = 120.762
Finished RTL Optimization Phase 1 : Time (s): cpu = 00:00:08 ; elapsed = 00:00:12 . Memory (MB): peak = 330.801 ; gain = 120.762
INFO: [Device 21-403] Loading part xc7a35tcsg324-2
Constraint Validation Runtime : Time (s): cpu = 00:00:00 ; elapsed = 00:00:00.020 . Memory (MB): peak = 540.887 ; gain = 0.000
Finished Constraint Validation : Time (s): cpu = 00:00:19 ; elapsed = 00:00:26 . Memory (MB): peak = 540.887 ; gain = 330.848
Finished Loading Part and Timing Information : Time (s): cpu = 00:00:19 ; elapsed = 00:00:26 . Memory (MB): peak = 540.887 ; gain = 330.848
Finished applying 'set_property' XDC Constraints : Time (s): cpu = 00:00:19 ; elapsed = 00:00:26 . Memory (MB): peak = 540.887 ; gain = 330.848
Finished RTL Optimization Phase 2 : Time (s): cpu = 00:00:19 ; elapsed = 00:00:26 . Memory (MB): peak = 540.887 ; gain = 330.848
Finished Cross Boundary and Area Optimization : Time (s): cpu = 00:00:20 ; elapsed = 00:00:27 . Memory (MB): peak = 540.887 ; gain = 330.848
Finished Applying XDC Timing Constraints : Time (s): cpu = 00:00:31 ; elapsed = 00:00:39 . Memory (MB): peak = 558.023 ; gain = 347.984
Finished Timing Optimization : Time (s): cpu = 00:00:31 ; elapsed = 00:00:39 . Memory (MB): peak = 558.023 ; gain = 347.984
Finished Technology Mapping : Time (s): cpu = 00:00:31 ; elapsed = 00:00:39 . Memory (MB): peak = 567.711 ; gain = 357.672
Finished IO Insertion : Time (s): cpu = 00:00:32 ; elapsed = 00:00:40 . Memory (MB): peak = 567.711 ; gain = 357.672
Finished Renaming Generated Instances : Time (s): cpu = 00:00:32 ; elapsed = 00:00:40 . Memory (MB): peak = 567.711 ; gain = 357.672
Finished Rebuilding User Hierarchy : Time (s): cpu = 00:00:32 ; elapsed = 00:00:40 . Memory (MB): peak = 567.711 ; gain = 357.672
Finished Renaming Generated Ports : Time (s): cpu = 00:00:32 ; elapsed = 00:00:40 . Memory (MB): peak = 567.711 ; gain = 357.672
Finished Handling Custom Attributes : Time (s): cpu = 00:00:32 ; elapsed = 00:00:40 . Memory (MB): peak = 567.711 ; gain = 357.672
Finished Renaming Generated Nets : Time (s): cpu = 00:00:32 ; elapsed = 00:00:40 . Memory (MB): peak = 567.711 ; gain = 357.672

Report Cell Usage: 
+------+-----------+------+
|      |Cell       |Count |
+------+-----------+------+
|1     |BUFG       |     5|
|2     |MMCME2_ADV |     1|
|3     |IBUF       |     1|
+------+-----------+------+
Finished Writing Synthesis Report : Time (s): cpu = 00:00:32 ; elapsed = 00:00:40 . Memory (MB): peak = 567.711 ; gain = 357.672
synth_design: Time (s): cpu = 00:00:33 ; elapsed = 00:00:38 . Memory (MB): peak = 945.438 ; gain = 730.293
