
*** Running vivado
    with args -log module_ads7056_microblaze_0_0.vds -m64 -product Vivado -mode batch -messageDb vivado.pb -notrace -source module_ads7056_microblaze_0_0.tcl


****** Vivado v2016.4 (64-bit)
  **** SW Build 1756540 on Mon Jan 23 19:11:23 MST 2017
  **** IP Build 1755317 on Mon Jan 23 20:30:07 MST 2017
    ** Copyright 1986-2016 Xilinx, Inc. All Rights Reserved.

source module_ads7056_microblaze_0_0.tcl -notrace
Starting RTL Elaboration : Time (s): cpu = 00:00:07 ; elapsed = 00:00:10 . Memory (MB): peak = 299.328 ; gain = 88.738
INFO: [Synth 8-638] synthesizing module 'module_ads7056_microblaze_0_0' [c:/Users/nks/Desktop/TE_725_1023/project_1/project_1.srcs/sources_1/bd/module_ads7056/ip/module_ads7056_microblaze_0_0/synth/module_ads7056_microblaze_0_0.vhd:190]
INFO: [Synth 8-256] done synthesizing module 'module_ads7056_microblaze_0_0' (63#1) [c:/Users/nks/Desktop/TE_725_1023/project_1/project_1.srcs/sources_1/bd/module_ads7056/ip/module_ads7056_microblaze_0_0/synth/module_ads7056_microblaze_0_0.vhd:190]
Finished RTL Elaboration : Time (s): cpu = 00:00:20 ; elapsed = 00:00:23 . Memory (MB): peak = 502.066 ; gain = 291.477
Finished RTL Optimization Phase 1 : Time (s): cpu = 00:00:21 ; elapsed = 00:00:24 . Memory (MB): peak = 502.066 ; gain = 291.477
INFO: [Device 21-403] Loading part xc7a35tcsg324-2
Constraint Validation Runtime : Time (s): cpu = 00:00:01 ; elapsed = 00:00:00.451 . Memory (MB): peak = 733.047 ; gain = 1.887
Finished Constraint Validation : Time (s): cpu = 00:00:35 ; elapsed = 00:00:39 . Memory (MB): peak = 733.047 ; gain = 522.457
Finished Loading Part and Timing Information : Time (s): cpu = 00:00:35 ; elapsed = 00:00:39 . Memory (MB): peak = 733.047 ; gain = 522.457
Finished applying 'set_property' XDC Constraints : Time (s): cpu = 00:00:35 ; elapsed = 00:00:39 . Memory (MB): peak = 733.047 ; gain = 522.457
Finished RTL Optimization Phase 2 : Time (s): cpu = 00:00:41 ; elapsed = 00:00:46 . Memory (MB): peak = 733.047 ; gain = 522.457
Finished Cross Boundary and Area Optimization : Time (s): cpu = 00:01:09 ; elapsed = 00:01:14 . Memory (MB): peak = 733.047 ; gain = 522.457
Finished Applying XDC Timing Constraints : Time (s): cpu = 00:01:20 ; elapsed = 00:01:25 . Memory (MB): peak = 733.047 ; gain = 522.457
Finished Timing Optimization : Time (s): cpu = 00:01:23 ; elapsed = 00:01:28 . Memory (MB): peak = 733.047 ; gain = 522.457
Finished Technology Mapping : Time (s): cpu = 00:01:26 ; elapsed = 00:01:32 . Memory (MB): peak = 733.047 ; gain = 522.457
Finished IO Insertion : Time (s): cpu = 00:01:27 ; elapsed = 00:01:33 . Memory (MB): peak = 733.047 ; gain = 522.457
Finished Renaming Generated Instances : Time (s): cpu = 00:01:27 ; elapsed = 00:01:33 . Memory (MB): peak = 733.047 ; gain = 522.457
Finished Rebuilding User Hierarchy : Time (s): cpu = 00:01:28 ; elapsed = 00:01:34 . Memory (MB): peak = 733.047 ; gain = 522.457
Finished Renaming Generated Ports : Time (s): cpu = 00:01:28 ; elapsed = 00:01:34 . Memory (MB): peak = 733.047 ; gain = 522.457
Finished Handling Custom Attributes : Time (s): cpu = 00:01:28 ; elapsed = 00:01:34 . Memory (MB): peak = 733.047 ; gain = 522.457
Finished Renaming Generated Nets : Time (s): cpu = 00:01:28 ; elapsed = 00:01:34 . Memory (MB): peak = 733.047 ; gain = 522.457

Report Cell Usage: 
+------+-----------+------+
|      |Cell       |Count |
+------+-----------+------+
|1     |AND2B1L    |     4|
|2     |CARRY4     |     1|
|3     |LUT1       |    31|
|4     |LUT2       |    95|
|5     |LUT3       |   326|
|6     |LUT4       |   195|
|7     |LUT5       |   370|
|8     |LUT6       |   524|
|9     |LUT6_2     |    64|
|10    |MULT_AND   |     1|
|11    |MUXCY_L    |   171|
|12    |MUXF7      |   120|
|13    |RAM32M     |    16|
|14    |RAM32X1D   |    32|
|15    |RAMB36E1   |     4|
|16    |RAMB36E1_1 |    16|
|17    |SRL16E     |   162|
|18    |SRLC16E    |     8|
|19    |XORCY      |    94|
|20    |FDCE       |   143|
|21    |FDE        |    32|
|22    |FDR        |   125|
|23    |FDRE       |  1805|
|24    |FDS        |     1|
|25    |FDSE       |    60|
+------+-----------+------+
Finished Writing Synthesis Report : Time (s): cpu = 00:01:28 ; elapsed = 00:01:34 . Memory (MB): peak = 733.047 ; gain = 522.457
synth_design: Time (s): cpu = 00:01:32 ; elapsed = 00:01:36 . Memory (MB): peak = 1133.852 ; gain = 915.785
