23:16:47 INFO  : Registering command handlers for SDK TCF services
23:16:47 INFO  : Launching XSCT server: xsct.bat -interactive C:\Users\nks\Desktop\TE_725_1023\project_1\project_1.sdk\temp_xsdb_launch_script.tcl
23:16:51 INFO  : XSCT server has started successfully.
23:16:52 INFO  : Successfully done setting XSCT server connection channel  
23:16:52 INFO  : Processing command line option -hwspec C:/Users/nks/Desktop/TE_725_1023/project_1/project_1.sdk/module_ads7056_wrapper.hdf.
23:16:52 INFO  : Successfully done setting SDK workspace  
23:32:46 INFO  : SDK has detected change in the last modified timestamps for source hardware specification file Source:1509315242719,  Project:1509315389022
23:32:46 INFO  : Project module_ads7056_wrapper_hw_platform_0's source hardware specification located at C:/Users/nks/Desktop/TE_725_1023/project_1/project_1.sdk/module_ads7056_wrapper.hdf is now different from the local copy.
		 The local copy will be replaced with the source specification and your workspace will be updated.
23:32:48 INFO  : Copied contents of C:/Users/nks/Desktop/TE_725_1023/project_1/project_1.sdk/module_ads7056_wrapper.hdf into \module_ads7056_wrapper_hw_platform_0\system.hdf.
23:32:48 INFO  : Synchronizing projects in the workspace with the hardware platform specification changes.
23:32:50 INFO  : 
23:32:51 INFO  : Updating hardware inferred compiler options for Conn_test.
23:32:51 INFO  : Clearing existing target manager status.
23:32:51 INFO  : Closing and re-opening the MSS file of ther project Conn_test_bsp
23:32:51 INFO  : Closing and re-opening the MSS file of ther project Conn_test_bsp
23:32:51 INFO  : Workspace synchronized with the new hardware specification file. Cleaning dependent projects...
23:32:52 WARN  : Linker script will not be updated automatically. Users need to update it manually.
23:33:18 INFO  : Connected to target on host '127.0.0.1' and port '3121'.
23:33:19 INFO  : 'targets -set -filter {jtag_cable_name =~ "JTAG-ONB4 251633000451A" && level==0} -index 0' command is executed.
23:33:20 INFO  : FPGA configured successfully with bitstream "C:/Users/nks/Desktop/TE_725_1023/project_1/project_1.sdk/module_ads7056_wrapper_hw_platform_0/download.bit"
23:35:32 INFO  : Processor reset is completed for microblaze_0
23:35:48 INFO  : microblaze_0 Processor is in use. Please stop existing Run or Debug sessions before launching.
23:35:51 INFO  : Processor reset is completed for microblaze_0
23:36:07 INFO  : microblaze_0 Processor is in use. Please stop existing Run or Debug sessions before launching.
23:36:10 INFO  : Processor reset is completed for microblaze_0
23:39:54 INFO  : microblaze_0 Processor is in use. Please stop existing Run or Debug sessions before launching.
23:39:55 INFO  : Processor reset is completed for microblaze_0
01:00:22 INFO  : SDK has detected change in the last modified timestamps for source hardware specification file Source:1509321594410,  Project:1509315242719
01:00:22 INFO  : Project module_ads7056_wrapper_hw_platform_0's source hardware specification located at C:/Users/nks/Desktop/TE_725_1023/project_1/project_1.sdk/module_ads7056_wrapper.hdf is now different from the local copy.
		 The local copy will be replaced with the source specification and your workspace will be updated.
01:02:13 INFO  : Copied contents of C:/Users/nks/Desktop/TE_725_1023/project_1/project_1.sdk/module_ads7056_wrapper.hdf into \module_ads7056_wrapper_hw_platform_0\system.hdf.
01:02:13 INFO  : Synchronizing projects in the workspace with the hardware platform specification changes.
01:02:15 INFO  : 
01:02:16 INFO  : Updating hardware inferred compiler options for Conn_test.
01:02:16 INFO  : Clearing existing target manager status.
01:02:16 INFO  : Closing and re-opening the MSS file of ther project Conn_test_bsp
01:02:17 INFO  : Workspace synchronized with the new hardware specification file. Cleaning dependent projects...
01:02:18 WARN  : Linker script will not be updated automatically. Users need to update it manually.
01:04:05 INFO  : Connected to target on host '127.0.0.1' and port '3121'.
01:04:05 INFO  : 'targets -set -filter {jtag_cable_name =~ "JTAG-ONB4 251633000451A" && level==0} -index 0' command is executed.
01:04:07 INFO  : FPGA configured successfully with bitstream "C:/Users/nks/Desktop/TE_725_1023/project_1/project_1.sdk/module_ads7056_wrapper_hw_platform_0/download.bit"
01:05:07 INFO  : Processor reset is completed for microblaze_0
01:05:07 ERROR : Unexpected error while launching program.
java.lang.RuntimeException: Debug Operation Not Supported on the Target, Current Processor State is not "Stopped"
MicroBlaze Pipeline Stalled on a Blocking Instruction or Invalid Bus Access
    Stalled PC: 0x00000000
    Try Resetting the Processor to Continue..

	at com.xilinx.sdk.targetmanager.internal.TM.downloadELF(TM.java:686)
	at com.xilinx.sdk.debug.core.internal.AppRunner.run(AppRunner.java:129)
	at com.xilinx.sdk.debug.core.XilinxAppLaunchConfigurationDelegate.runApplication(XilinxAppLaunchConfigurationDelegate.java:637)
	at com.xilinx.sdk.debug.core.XilinxAppLaunchConfigurationDelegate.launch(XilinxAppLaunchConfigurationDelegate.java:309)
	at com.xilinx.sdk.debug.ui.XilinxAppLaunchDelegateWrapper.launch(XilinxAppLaunchDelegateWrapper.java:31)
	at org.eclipse.debug.internal.core.LaunchConfiguration.launch(LaunchConfiguration.java:885)
	at org.eclipse.debug.internal.core.LaunchConfiguration.launch(LaunchConfiguration.java:739)
	at org.eclipse.debug.internal.ui.DebugUIPlugin.buildAndLaunch(DebugUIPlugin.java:1039)
	at org.eclipse.debug.internal.ui.DebugUIPlugin$8.run(DebugUIPlugin.java:1256)
	at org.eclipse.core.internal.jobs.Worker.run(Worker.java:55)
01:07:28 INFO  : Connected to target on host '127.0.0.1' and port '3121'.
01:07:28 INFO  : 'targets -set -filter {jtag_cable_name =~ "JTAG-ONB4 251633000451A" && level==0} -index 0' command is executed.
01:07:29 INFO  : FPGA configured successfully with bitstream "C:/Users/nks/Desktop/TE_725_1023/project_1/project_1.sdk/module_ads7056_wrapper_hw_platform_0/download.bit"
01:07:42 ERROR : Unexpected error while parsing XMD response ?: com.google.gson.JsonSyntaxException: com.google.gson.stream.MalformedJsonException: invalid number or unquoted string near 
01:07:56 INFO  : Registering command handlers for SDK TCF services
01:07:57 INFO  : Launching XSCT server: xsct.bat -interactive C:\Users\nks\Desktop\TE_725_1023\project_1\project_1.sdk\temp_xsdb_launch_script.tcl
01:07:59 INFO  : XSCT server has started successfully.
01:07:59 INFO  : Successfully done setting XSCT server connection channel  
01:08:00 INFO  : Successfully done setting SDK workspace  
01:08:00 INFO  : Processing command line option -hwspec C:/Users/nks/Desktop/TE_725_1023/project_1/project_1.sdk/module_ads7056_wrapper.hdf.
01:08:00 INFO  : Checking for hwspec changes in the project module_ads7056_wrapper_hw_platform_0.
01:08:32 INFO  : Processor reset is completed for microblaze_0
01:09:03 INFO  : microblaze_0 Processor is in use. Please stop existing Run or Debug sessions before launching.
01:09:05 INFO  : Processor reset is completed for microblaze_0
01:09:59 INFO  : Processor reset is completed for microblaze_0
01:13:27 INFO  : Connected to target on host '127.0.0.1' and port '3121'.
01:14:07 INFO  : Converting 'microblaze' ELF file 'C:\Users\nks\Desktop\TE_725_1023\project_1\project_1.sdk\Conn_test\Debug\Conn_test.elf' into bootable SREC format.
01:14:07 INFO  : Caching converted image as 'C:\Users\nks\Desktop\TE_725_1023\project_1\project_1.sdk\module_ads7056_wrapper_hw_platform_0\cache\Conn_test.elf.srec'.
01:14:19 INFO  : Invoking Bootgen: bootgen -arch fpga -image C:/Users/nks/Desktop/TE_725_1023/project_1/project_1.sdk/module_ads7056_wrapper_hw_platform_0/cache/bootimage.bif -w -o C:/Users/nks/Desktop/TE_725_1023/project_1/project_1.sdk/module_ads7056_wrapper_hw_platform_0/cache/BOOT.bin  -interface spi
01:14:20 INFO  : Bootgen command execution is done.
01:18:48 INFO  : Connected to target on host '127.0.0.1' and port '3121'.
01:18:51 INFO  : Invoking Bootgen: bootgen -arch fpga -image C:/Users/nks/Desktop/TE_725_1023/project_1/project_1.sdk/module_ads7056_wrapper_hw_platform_0/cache/bootimage.bif -w -o C:/Users/nks/Desktop/TE_725_1023/project_1/project_1.sdk/module_ads7056_wrapper_hw_platform_0/cache/BOOT.bin  -interface spi
01:18:52 INFO  : Bootgen command execution is done.
01:20:32 INFO  : Connected to target on host '127.0.0.1' and port '3121'.
01:20:32 INFO  : 'targets -set -filter {jtag_cable_name =~ "JTAG-ONB4 251633000451A" && level==0} -index 0' command is executed.
01:20:34 INFO  : FPGA configured successfully with bitstream "C:/Users/nks/Desktop/TE_725_1023/project_1/project_1.sdk/module_ads7056_wrapper_hw_platform_0/download.bit"
01:21:06 INFO  : Connected to target on host '127.0.0.1' and port '3121'.
01:21:12 INFO  : Connected to target on host '127.0.0.1' and port '3121'.
01:21:21 INFO  : Connected to target on host '127.0.0.1' and port '3121'.
01:21:56 INFO  : Connected to target on host '127.0.0.1' and port '3121'.
01:21:56 INFO  : 'targets -set -filter {jtag_cable_name =~ "JTAG-ONB4 251633000451A" && level==0} -index 0' command is executed.
01:21:57 INFO  : FPGA configured successfully with bitstream "C:/Users/nks/Desktop/TE_725_1023/project_1/project_1.sdk/module_ads7056_wrapper_hw_platform_0/download.bit"
01:22:29 INFO  : Connected to target on host '127.0.0.1' and port '3121'.
01:22:33 INFO  : Invoking Bootgen: bootgen -arch fpga -image C:/Users/nks/Desktop/TE_725_1023/project_1/project_1.sdk/module_ads7056_wrapper_hw_platform_0/cache/bootimage.bif -w -o C:/Users/nks/Desktop/TE_725_1023/project_1/project_1.sdk/module_ads7056_wrapper_hw_platform_0/cache/BOOT.bin  -interface spi
01:22:34 INFO  : Bootgen command execution is done.
01:24:47 INFO  : Connected to target on host '127.0.0.1' and port '3121'.
01:25:31 INFO  : Invoking Bootgen: bootgen -arch fpga -image C:/Users/nks/Desktop/TE_725_1023/project_1/project_1.sdk/module_ads7056_wrapper_hw_platform_0/cache/bootimage.bif -w -o C:/Users/nks/Desktop/TE_725_1023/project_1/project_1.sdk/module_ads7056_wrapper_hw_platform_0/cache/BOOT.bin  -interface spi
01:25:33 INFO  : Bootgen command execution is done.
01:28:53 INFO  : Connected to target on host '127.0.0.1' and port '3121'.
01:32:59 INFO  : Connected to target on host '127.0.0.1' and port '3121'.
01:33:09 INFO  : Converting 'microblaze' ELF file 'C:\Users\nks\Desktop\TE_725_1023\project_1\project_1.sdk\Conn_test\Debug\Conn_test.elf' into bootable SREC format.
01:33:09 INFO  : Caching converted image as 'C:\Users\nks\Desktop\TE_725_1023\project_1\project_1.sdk\module_ads7056_wrapper_hw_platform_0\cache\Conn_test.elf.srec'.
01:33:14 INFO  : Invoking Bootgen: bootgen -arch fpga -image C:/Users/nks/Desktop/TE_725_1023/project_1/project_1.sdk/module_ads7056_wrapper_hw_platform_0/cache/bootimage.bif -w -o C:/Users/nks/Desktop/TE_725_1023/project_1/project_1.sdk/module_ads7056_wrapper_hw_platform_0/cache/BOOT.bin  -interface spi
01:33:15 INFO  : Bootgen command execution is done.
01:33:51 INFO  : Connected to target on host '127.0.0.1' and port '3121'.
01:34:02 INFO  : Invoking Bootgen: bootgen -arch fpga -image C:/Users/nks/Desktop/TE_725_1023/project_1/project_1.sdk/module_ads7056_wrapper_hw_platform_0/cache/bootimage.bif -w -o C:/Users/nks/Desktop/TE_725_1023/project_1/project_1.sdk/module_ads7056_wrapper_hw_platform_0/cache/BOOT.bin  -interface spi
01:34:03 INFO  : Bootgen command execution is done.
01:35:02 INFO  : Connected to target on host '127.0.0.1' and port '3121'.
02:03:14 ERROR : Unexpected error while parsing XMD response ?: com.google.gson.JsonSyntaxException: com.google.gson.stream.MalformedJsonException: invalid number or unquoted string near 
