#
# A fatal error has been detected by the Java Runtime Environment:
#
#  EXCEPTION_UNCAUGHT_CXX_EXCEPTION (0xe06d7363) at pc=0x00007ffd147f9e08, pid=13884, tid=4384
#
# JRE version: Java(TM) SE Runtime Environment (8.0_66-b18) (build 1.8.0_66-b18)
# Java VM: Java HotSpot(TM) 64-Bit Server VM (25.66-b18 mixed mode windows-amd64 compressed oops)
# Problematic frame:
# C  [KERNELBASE.dll+0x69e08]
#
# Failed to write core dump. Minidumps are not enabled by default on client versions of Windows
#
# If you would like to submit a bug report, please visit:
#   http://bugreport.java.com/bugreport/crash.jsp
#

---------------  T H R E A D  ---------------

Current thread (0x0000000013c27800):  VMThread [stack: 0x0000000014cb0000,0x0000000014db0000] [id=4384]

siginfo: ExceptionCode=0xe06d7363, ExceptionInformation=0x0000000019930520 0x0000000014daf648 0x00007ffd00852cb8 0x00007ffd007a0000 

Registers:
RAX=0x0000000000000000, RBX=0x00007ffd00852cb8, RCX=0x00000000f46857d4, RDX=0x00007ffd1753d99b
RSP=0x0000000014daf490, RBP=0x0000000014daf5d0, RSI=0x00000000ffffffff, RDI=0x0000000022f28670
R8 =0x00007ffd17544777, R9 =0x0000000000000000, R10=0x0000000014daf0f0, R11=0x0000000000512ff0
R12=0x0000000000000001, R13=0x0000000000000008, R14=0x0000000000000000, R15=0xffffffffffffffff
RIP=0x00007ffd147f9e08, EFLAGS=0x0000000000000202

Top of Stack: (sp=0x0000000014daf490)
0x0000000014daf490:   0000000000000340 00007ffd00852cb8
0x0000000014daf4a0:   00000000ffffffff 0000000022f28670
0x0000000014daf4b0:   00000001e06d7363 0000000000000000
0x0000000014daf4c0:   00007ffd147f9e08 0000000000000004
0x0000000014daf4d0:   0000000019930520 0000000014daf648
0x0000000014daf4e0:   00007ffd00852cb8 00007ffd007a0000
0x0000000014daf4f0:   0000000000000000 0000000000000001
0x0000000014daf500:   0000000022f28670 00000000ffffffff
0x0000000014daf510:   0000000014daf5d0 00007ffd1753ba13
0x0000000014daf520:   0000000014daf5e0 0000000000000000
0x0000000014daf530:   00006496dc69f38c 0000000000000001
0x0000000014daf540:   00007ffd00869000 00007ffd007a0000
0x0000000014daf550:   000038d008d59d45 00000000000003ff
0x0000000014daf560:   00007ffd00852cb8 00007ffd007fe92c
0x0000000014daf570:   000000000000001f 0000000000000008
0x0000000014daf580:   0000000000000001 0000000022f28670 

Instructions: (pc=0x00007ffd147f9e08)
0x00007ffd147f9de8:   49 8b d1 44 0f 47 c0 44 89 44 24 38 49 c1 e0 03
0x00007ffd147f9df8:   e8 1b db 01 00 48 8d 4c 24 20 ff 15 f0 c7 0f 00
0x00007ffd147f9e08:   48 8b 8c 24 c0 00 00 00 48 33 cc e8 78 b0 01 00
0x00007ffd147f9e18:   48 81 c4 d8 00 00 00 c3 83 64 24 38 00 eb d6 cc 


Register to memory mapping:

RAX=0x0000000000000000 is an unknown value
RBX=0x00007ffd00852cb8 is an unknown value
RCX=0x00000000f46857d4 is an unallocated location in the heap
RDX=0x00007ffd1753d99b is an unknown value
RSP=0x0000000014daf490 is an unknown value
RBP=0x0000000014daf5d0 is an unknown value
RSI=0x00000000ffffffff is an unallocated location in the heap
RDI=0x0000000022f28670 is an unknown value
R8 =0x00007ffd17544777 is an unknown value
R9 =0x0000000000000000 is an unknown value
R10=0x0000000014daf0f0 is an unknown value
R11=0x0000000000512ff0 is an unknown value
R12=0x0000000000000001 is an unknown value
R13=0x0000000000000008 is an unknown value
R14=0x0000000000000000 is an unknown value
R15=0xffffffffffffffff is an unknown value


Stack: [0x0000000014cb0000,0x0000000014db0000],  sp=0x0000000014daf490,  free space=1021k
Native frames: (J=compiled Java code, j=interpreted, Vv=VM code, C=native code)
C  [KERNELBASE.dll+0x69e08]
C  [MSVCR110.dll+0x5e92c]
C  [MSVCR110.dll+0x1315c]
C  [MSVCR110.dll+0x136a9]
C  [MSVCR110.dll+0x13e9c]
C  [MSVCR110.dll+0x239e]
C  [MSVCR110.dll+0xaf9e]
C  [MSVCP110.dll+0x397b9]
C  [librdi_common.dll+0x183a66]
C  [librdi_common.dll+0x1826fb]
C  0x00007ffd09602400
C  0x00007ffd09602682
C  [ntdll.dll+0x2485f]
C  [ntdll.dll+0x4d43c]
C  [ntdll.dll+0x4d2f4]
C  [KERNEL32.DLL+0x1c0da]
C  [MSVCR100.dll+0x20ccd]
V  [jvm.dll+0x210cc5]
V  [jvm.dll+0x249897]
V  [jvm.dll+0x248b36]
V  [jvm.dll+0x248fd1]
V  [jvm.dll+0x2491ee]
V  [jvm.dll+0x29a0fa]
C  [MSVCR100.dll+0x21d9f]
C  [MSVCR100.dll+0x21e3b]
C  [KERNEL32.DLL+0x12774]
C  [ntdll.dll+0x70d51]

VM_Operation (0x000000000014f4c0): Exit, mode: safepoint, requested by thread 0x00000000026e2800


---------------  P R O C E S S  ---------------

Java Threads: ( => current thread )
  0x000000001b4d4000 JavaThread "Spawner Reaper" daemon [_thread_in_native, id=2824, stack(0x000000005e6d0000,0x000000005e7d0000)]
  0x000000001b4cf800 JavaThread "pool-2-thread-4" [_thread_blocked, id=6252, stack(0x0000000051e10000,0x0000000051f10000)]
  0x000000001be2f800 JavaThread "pool-2-thread-3" [_thread_blocked, id=13852, stack(0x000000004e810000,0x000000004e910000)]
  0x000000001be2f000 JavaThread "pool-2-thread-2" [_thread_blocked, id=9396, stack(0x000000004db10000,0x000000004dc10000)]
  0x00000000174e9000 JavaThread "pool-2-thread-1" [_thread_blocked, id=10460, stack(0x000000004c010000,0x000000004c110000)]
  0x000000001be2e000 JavaThread "Thread-188" daemon [_thread_blocked, id=9864, stack(0x000000003ff10000,0x0000000040010000)]
  0x000000001be2a800 JavaThread "TCF Channel Transmitter" daemon [_thread_blocked, id=5772, stack(0x0000000028b70000,0x0000000028c70000)]
  0x000000001be29800 JavaThread "TCF Channel Receiver" daemon [_thread_in_native, id=7348, stack(0x0000000027870000,0x0000000027970000)]
  0x000000001be29000 JavaThread "Process monitor" daemon [_thread_in_native, id=11428, stack(0x00000000270e0000,0x00000000271e0000)]
  0x000000001be22000 JavaThread "Input Stream Monitor" daemon [_thread_blocked, id=11128, stack(0x0000000026fe0000,0x00000000270e0000)]
  0x000000001be21800 JavaThread "Output Stream Monitor" daemon [_thread_in_native, id=14832, stack(0x0000000026ee0000,0x0000000026fe0000)]
  0x000000001be26000 JavaThread "Output Stream Monitor" daemon [_thread_in_native, id=7460, stack(0x00000000262e0000,0x00000000263e0000)]
  0x0000000019b0c800 JavaThread "TCF Locator DNS Lookup" daemon [_thread_blocked, id=10592, stack(0x0000000021070000,0x0000000021170000)]
  0x0000000019b0c000 JavaThread "TCF Locator Timer" daemon [_thread_blocked, id=12080, stack(0x0000000020f70000,0x0000000021070000)]
  0x0000000019b10800 JavaThread "TCF Locator Receiver" daemon [_thread_in_native, id=8304, stack(0x0000000020e70000,0x0000000020f70000)]
  0x0000000019b0d800 JavaThread "TCF Timer Dispatcher" daemon [_thread_blocked, id=7452, stack(0x00000000206e0000,0x00000000207e0000)]
  0x00000000173f1800 JavaThread "EMF Reference Cleaner" daemon [_thread_blocked, id=10476, stack(0x0000000018920000,0x0000000018a20000)]
  0x000000001503f800 JavaThread "Service Thread" daemon [_thread_blocked, id=12108, stack(0x00000000158b0000,0x00000000159b0000)]
  0x0000000013c81800 JavaThread "C1 CompilerThread2" daemon [_thread_blocked, id=8632, stack(0x00000000157b0000,0x00000000158b0000)]
  0x0000000013c7d000 JavaThread "C2 CompilerThread1" daemon [_thread_blocked, id=2520, stack(0x00000000156b0000,0x00000000157b0000)]
  0x0000000013c6f800 JavaThread "C2 CompilerThread0" daemon [_thread_blocked, id=7404, stack(0x00000000155b0000,0x00000000156b0000)]
  0x0000000014ff2800 JavaThread "Attach Listener" daemon [_thread_blocked, id=15056, stack(0x00000000154b0000,0x00000000155b0000)]
  0x0000000013c7c800 JavaThread "Signal Dispatcher" daemon [_thread_blocked, id=11540, stack(0x00000000153b0000,0x00000000154b0000)]
  0x00000000027d6800 JavaThread "Finalizer" daemon [_thread_blocked, id=10012, stack(0x0000000014eb0000,0x0000000014fb0000)]
  0x00000000027ce800 JavaThread "Reference Handler" daemon [_thread_blocked, id=4996, stack(0x0000000014db0000,0x0000000014eb0000)]
  0x00000000026e2800 JavaThread "main" [_thread_blocked, id=7816, stack(0x0000000000050000,0x0000000000150000)]

Other Threads:
=>0x0000000013c27800 VMThread [stack: 0x0000000014cb0000,0x0000000014db0000] [id=4384]

VM state:at safepoint (shutting down)

VM Mutex/Monitor currently owned by a thread:  ([mutex/lock_event])
[0x000000000283d540] Threads_lock - owner thread: 0x0000000013c27800

Heap:
 PSYoungGen      total 123392K, used 28045K [0x00000000f5580000, 0x00000000fe700000, 0x0000000100000000)
  eden space 105984K, 18% used [0x00000000f5580000,0x00000000f6890b28,0x00000000fbd00000)
  from space 17408K, 48% used [0x00000000fd600000,0x00000000fde52cb8,0x00000000fe700000)
  to   space 21504K, 0% used [0x00000000fbd00000,0x00000000fbd00000,0x00000000fd200000)
 ParOldGen       total 107008K, used 60671K [0x00000000e0000000, 0x00000000e6880000, 0x00000000f5580000)
  object space 107008K, 56% used [0x00000000e0000000,0x00000000e3b3fc58,0x00000000e6880000)
 Metaspace       used 105593K, capacity 113440K, committed 113560K, reserved 1148928K
  class space    used 12337K, capacity 14910K, committed 15016K, reserved 1048576K

Card table byte_map: [0x0000000011c00000,0x0000000011d10000] byte_map_base: 0x0000000011500000

Marking Bits: (ParMarkBitMap*) 0x0000000057fea5b0
 Begin Bits: [0x00000000121c0000, 0x00000000129c0000)
 End Bits:   [0x00000000129c0000, 0x00000000131c0000)

Polling page: 0x0000000000470000

CodeCache: size=245760Kb used=67138Kb max_used=67183Kb free=178621Kb
 bounds [0x0000000002840000, 0x0000000006a60000, 0x0000000011840000]
 total_blobs=17904 nmethods=16971 adapters=839
 compilation: enabled

Compilation events (10 events):
Event: 6663.160 Thread 0x0000000013c81800 nmethod 22152 0x0000000004628090 code [0x0000000004628240, 0x0000000004628be8]
Event: 6663.160 Thread 0x0000000013c81800 22153       3       org.eclipse.osgi.internal.container.AtomicLazyInitializer::getAndClear (9 bytes)
Event: 6663.161 Thread 0x0000000013c81800 nmethod 22153 0x0000000004cbd090 code [0x0000000004cbd200, 0x0000000004cbd450]
Event: 6663.161 Thread 0x0000000013c81800 22154       3       java.util.concurrent.atomic.AtomicReference::getAndSet (12 bytes)
Event: 6663.161 Thread 0x0000000013c81800 nmethod 22154 0x0000000004b3c0d0 code [0x0000000004b3c220, 0x0000000004b3c390]
Event: 6663.161 Thread 0x0000000013c81800 22156       3       org.eclipse.osgi.internal.framework.EquinoxContainerAdaptor::invalidateWiring (186 bytes)
Event: 6663.164 Thread 0x0000000013c81800 nmethod 22156 0x000000000694ea10 code [0x000000000694ede0, 0x0000000006951758]
Event: 6663.165 Thread 0x0000000013c81800 22157   !   3       org.eclipse.osgi.container.ModuleDatabase::getRevisionsTimestamp (25 bytes)
Event: 6663.166 Thread 0x0000000013c81800 nmethod 22157 0x0000000006553990 code [0x0000000006553ba0, 0x00000000065548d8]
Event: 6663.167 Thread 0x0000000013c81800 22158       3       org.eclipse.osgi.internal.framework.EquinoxContainerAdaptor::clearManifestCache (84 bytes)

GC Heap History (10 events):
Event: 1504.634 GC heap before
{Heap before GC invocations=69 (full 21):
 PSYoungGen      total 145408K, used 131338K [0x00000000f5580000, 0x0000000100000000, 0x0000000100000000)
  eden space 117760K, 100% used [0x00000000f5580000,0x00000000fc880000,0x00000000fc880000)
  from space 27648K, 49% used [0x00000000fc880000,0x00000000fd5c2908,0x00000000fe380000)
  to   space 27136K, 0% used [0x00000000fe580000,0x00000000fe580000,0x0000000100000000)
 ParOldGen       total 107008K, used 60639K [0x00000000e0000000, 0x00000000e6880000, 0x00000000f5580000)
  object space 107008K, 56% used [0x00000000e0000000,0x00000000e3b37c58,0x00000000e6880000)
 Metaspace       used 103529K, capacity 111490K, committed 111640K, reserved 1146880K
  class space    used 12111K, capacity 14628K, committed 14632K, reserved 1048576K
Event: 1504.649 GC heap after
Heap after GC invocations=69 (full 21):
 PSYoungGen      total 144384K, used 8671K [0x00000000f5580000, 0x00000000ffd80000, 0x0000000100000000)
  eden space 119808K, 0% used [0x00000000f5580000,0x00000000f5580000,0x00000000fca80000)
  from space 24576K, 35% used [0x00000000fe580000,0x00000000fedf7db0,0x00000000ffd80000)
  to   space 26112K, 0% used [0x00000000fca80000,0x00000000fca80000,0x00000000fe400000)
 ParOldGen       total 107008K, used 60639K [0x00000000e0000000, 0x00000000e6880000, 0x00000000f5580000)
  object space 107008K, 56% used [0x00000000e0000000,0x00000000e3b37c58,0x00000000e6880000)
 Metaspace       used 103529K, capacity 111490K, committed 111640K, reserved 1146880K
  class space    used 12111K, capacity 14628K, committed 14632K, reserved 1048576K
}
Event: 5402.736 GC heap before
{Heap before GC invocations=70 (full 21):
 PSYoungGen      total 144384K, used 128479K [0x00000000f5580000, 0x00000000ffd80000, 0x0000000100000000)
  eden space 119808K, 100% used [0x00000000f5580000,0x00000000fca80000,0x00000000fca80000)
  from space 24576K, 35% used [0x00000000fe580000,0x00000000fedf7db0,0x00000000ffd80000)
  to   space 26112K, 0% used [0x00000000fca80000,0x00000000fca80000,0x00000000fe400000)
 ParOldGen       total 107008K, used 60639K [0x00000000e0000000, 0x00000000e6880000, 0x00000000f5580000)
  object space 107008K, 56% used [0x00000000e0000000,0x00000000e3b37c58,0x00000000e6880000)
 Metaspace       used 103688K, capacity 111554K, committed 111640K, reserved 1146880K
  class space    used 12111K, capacity 14628K, committed 14632K, reserved 1048576K
Event: 5402.813 GC heap after
Heap after GC invocations=70 (full 21):
 PSYoungGen      total 128512K, used 12008K [0x00000000f5580000, 0x00000000ff800000, 0x0000000100000000)
  eden space 116224K, 0% used [0x00000000f5580000,0x00000000f5580000,0x00000000fc700000)
  from space 12288K, 97% used [0x00000000fca80000,0x00000000fd63a098,0x00000000fd680000)
  to   space 25088K, 0% used [0x00000000fdf80000,0x00000000fdf80000,0x00000000ff800000)
 ParOldGen       total 107008K, used 60647K [0x00000000e0000000, 0x00000000e6880000, 0x00000000f5580000)
  object space 107008K, 56% used [0x00000000e0000000,0x00000000e3b39c58,0x00000000e6880000)
 Metaspace       used 103688K, capacity 111554K, committed 111640K, reserved 1146880K
  class space    used 12111K, capacity 14628K, committed 14632K, reserved 1048576K
}
Event: 6429.903 GC heap before
{Heap before GC invocations=71 (full 21):
 PSYoungGen      total 128512K, used 128232K [0x00000000f5580000, 0x00000000ff800000, 0x0000000100000000)
  eden space 116224K, 100% used [0x00000000f5580000,0x00000000fc700000,0x00000000fc700000)
  from space 12288K, 97% used [0x00000000fca80000,0x00000000fd63a098,0x00000000fd680000)
  to   space 25088K, 0% used [0x00000000fdf80000,0x00000000fdf80000,0x00000000ff800000)
 ParOldGen       total 107008K, used 60647K [0x00000000e0000000, 0x00000000e6880000, 0x00000000f5580000)
  object space 107008K, 56% used [0x00000000e0000000,0x00000000e3b39c58,0x00000000e6880000)
 Metaspace       used 103955K, capacity 111752K, committed 111896K, reserved 1146880K
  class space    used 12114K, capacity 14629K, committed 14632K, reserved 1048576K
Event: 6429.936 GC heap after
Heap after GC invocations=71 (full 21):
 PSYoungGen      total 131072K, used 10207K [0x00000000f5580000, 0x00000000ff180000, 0x0000000100000000)
  eden space 112640K, 0% used [0x00000000f5580000,0x00000000f5580000,0x00000000fc380000)
  from space 18432K, 55% used [0x00000000fdf80000,0x00000000fe977dd0,0x00000000ff180000)
  to   space 23552K, 0% used [0x00000000fc380000,0x00000000fc380000,0x00000000fda80000)
 ParOldGen       total 107008K, used 60655K [0x00000000e0000000, 0x00000000e6880000, 0x00000000f5580000)
  object space 107008K, 56% used [0x00000000e0000000,0x00000000e3b3bc58,0x00000000e6880000)
 Metaspace       used 103955K, capacity 111752K, committed 111896K, reserved 1146880K
  class space    used 12114K, capacity 14629K, committed 14632K, reserved 1048576K
}
Event: 6603.018 GC heap before
{Heap before GC invocations=72 (full 21):
 PSYoungGen      total 131072K, used 122847K [0x00000000f5580000, 0x00000000ff180000, 0x0000000100000000)
  eden space 112640K, 100% used [0x00000000f5580000,0x00000000fc380000,0x00000000fc380000)
  from space 18432K, 55% used [0x00000000fdf80000,0x00000000fe977dd0,0x00000000ff180000)
  to   space 23552K, 0% used [0x00000000fc380000,0x00000000fc380000,0x00000000fda80000)
 ParOldGen       total 107008K, used 60655K [0x00000000e0000000, 0x00000000e6880000, 0x00000000f5580000)
  object space 107008K, 56% used [0x00000000e0000000,0x00000000e3b3bc58,0x00000000e6880000)
 Metaspace       used 104513K, capacity 112562K, committed 112792K, reserved 1146880K
  class space    used 12181K, capacity 14704K, committed 14760K, reserved 1048576K
Event: 6603.030 GC heap after
Heap after GC invocations=72 (full 21):
 PSYoungGen      total 119808K, used 10390K [0x00000000f5580000, 0x00000000fec00000, 0x0000000100000000)
  eden space 109056K, 0% used [0x00000000f5580000,0x00000000f5580000,0x00000000fc000000)
  from space 10752K, 96% used [0x00000000fc380000,0x00000000fcda5bb0,0x00000000fce00000)
  to   space 22528K, 0% used [0x00000000fd600000,0x00000000fd600000,0x00000000fec00000)
 ParOldGen       total 107008K, used 60663K [0x00000000e0000000, 0x00000000e6880000, 0x00000000f5580000)
  object space 107008K, 56% used [0x00000000e0000000,0x00000000e3b3dc58,0x00000000e6880000)
 Metaspace       used 104513K, capacity 112562K, committed 112792K, reserved 1146880K
  class space    used 12181K, capacity 14704K, committed 14760K, reserved 1048576K
}
Event: 6662.010 GC heap before
{Heap before GC invocations=73 (full 21):
 PSYoungGen      total 119808K, used 119446K [0x00000000f5580000, 0x00000000fec00000, 0x0000000100000000)
  eden space 109056K, 100% used [0x00000000f5580000,0x00000000fc000000,0x00000000fc000000)
  from space 10752K, 96% used [0x00000000fc380000,0x00000000fcda5bb0,0x00000000fce00000)
  to   space 22528K, 0% used [0x00000000fd600000,0x00000000fd600000,0x00000000fec00000)
 ParOldGen       total 107008K, used 60663K [0x00000000e0000000, 0x00000000e6880000, 0x00000000f5580000)
  object space 107008K, 56% used [0x00000000e0000000,0x00000000e3b3dc58,0x00000000e6880000)
 Metaspace       used 105107K, capacity 113100K, committed 113176K, reserved 1146880K
  class space    used 12282K, capacity 14839K, committed 14888K, reserved 1048576K
Event: 6662.046 GC heap after
Heap after GC invocations=73 (full 21):
 PSYoungGen      total 123392K, used 8523K [0x00000000f5580000, 0x00000000fe700000, 0x0000000100000000)
  eden space 105984K, 0% used [0x00000000f5580000,0x00000000f5580000,0x00000000fbd00000)
  from space 17408K, 48% used [0x00000000fd600000,0x00000000fde52cb8,0x00000000fe700000)
  to   space 21504K, 0% used [0x00000000fbd00000,0x00000000fbd00000,0x00000000fd200000)
 ParOldGen       total 107008K, used 60671K [0x00000000e0000000, 0x00000000e6880000, 0x00000000f5580000)
  object space 107008K, 56% used [0x00000000e0000000,0x00000000e3b3fc58,0x00000000e6880000)
 Metaspace       used 105107K, capacity 113100K, committed 113176K, reserved 1146880K
  class space    used 12282K, capacity 14839K, committed 14888K, reserved 1048576K
}

Deoptimization events (10 events):
Event: 6663.121 Thread 0x000000001b4d5800 Uncommon trap: reason=unstable_if action=reinterpret pc=0x00000000059630ec method=org.eclipse.core.internal.jobs.WorkerPool.startJob(Lorg/eclipse/core/internal/jobs/Worker;)Lorg/eclipse/core/internal/jobs/InternalJob; @ 177
Event: 6663.121 Thread 0x000000001b4d7000 Uncommon trap: reason=unstable_if action=reinterpret pc=0x00000000059630ec method=org.eclipse.core.internal.jobs.WorkerPool.startJob(Lorg/eclipse/core/internal/jobs/Worker;)Lorg/eclipse/core/internal/jobs/InternalJob; @ 177
Event: 6663.121 Thread 0x00000000174e4000 Uncommon trap: reason=unstable_if action=reinterpret pc=0x00000000059630ec method=org.eclipse.core.internal.jobs.WorkerPool.startJob(Lorg/eclipse/core/internal/jobs/Worker;)Lorg/eclipse/core/internal/jobs/InternalJob; @ 177
Event: 6663.122 Thread 0x000000001b4d3000 Uncommon trap: reason=unstable_if action=reinterpret pc=0x00000000059630ec method=org.eclipse.core.internal.jobs.WorkerPool.startJob(Lorg/eclipse/core/internal/jobs/Worker;)Lorg/eclipse/core/internal/jobs/InternalJob; @ 177
Event: 6663.122 Thread 0x000000001b4d1000 Uncommon trap: reason=unstable_if action=reinterpret pc=0x00000000059630ec method=org.eclipse.core.internal.jobs.WorkerPool.startJob(Lorg/eclipse/core/internal/jobs/Worker;)Lorg/eclipse/core/internal/jobs/InternalJob; @ 177
Event: 6663.122 Thread 0x000000001b4d2800 Uncommon trap: reason=unstable_if action=reinterpret pc=0x00000000059630ec method=org.eclipse.core.internal.jobs.WorkerPool.startJob(Lorg/eclipse/core/internal/jobs/Worker;)Lorg/eclipse/core/internal/jobs/InternalJob; @ 177
Event: 6663.122 Thread 0x000000001b4d6000 Uncommon trap: reason=unstable_if action=reinterpret pc=0x00000000059630ec method=org.eclipse.core.internal.jobs.WorkerPool.startJob(Lorg/eclipse/core/internal/jobs/Worker;)Lorg/eclipse/core/internal/jobs/InternalJob; @ 177
Event: 6663.123 Thread 0x000000001b4d8800 Uncommon trap: reason=unstable_if action=reinterpret pc=0x00000000059630ec method=org.eclipse.core.internal.jobs.WorkerPool.startJob(Lorg/eclipse/core/internal/jobs/Worker;)Lorg/eclipse/core/internal/jobs/InternalJob; @ 177
Event: 6663.146 Thread 0x0000000015eea800 Uncommon trap: reason=unstable_if action=reinterpret pc=0x0000000006a40020 method=org.eclipse.osgi.framework.eventmgr.EventManager$EventThread.getNextEvent()Lorg/eclipse/osgi/framework/eventmgr/EventManager$EventThread$Queued; @ 15
Event: 6663.156 Thread 0x0000000019b0f800 Uncommon trap: reason=unstable_if action=reinterpret pc=0x0000000006a40020 method=org.eclipse.osgi.framework.eventmgr.EventManager$EventThread.getNextEvent()Lorg/eclipse/osgi/framework/eventmgr/EventManager$EventThread$Queued; @ 15

Internal exceptions (10 events):
Event: 6662.350 Thread 0x00000000026e2800 Exception <a 'java/io/FileNotFoundException'> (0x00000000f5bc4170) thrown at [C:\re\workspace\8-2-build-windows-amd64-cygwin\jdk8u66\5298\hotspot\src\share\vm\prims\jni.cpp, line 709]
Event: 6662.350 Thread 0x00000000026e2800 Exception <a 'java/io/FileNotFoundException'> (0x00000000f5bc5ef0) thrown at [C:\re\workspace\8-2-build-windows-amd64-cygwin\jdk8u66\5298\hotspot\src\share\vm\prims\jni.cpp, line 709]
Event: 6662.399 Thread 0x000000001b4dd000 Implicit null exception at 0x00000000048bc18b to 0x00000000048bc541
Event: 6662.449 Thread 0x00000000174eb800 Exception <a 'java/lang/InterruptedException'> (0x00000000f6081c88) thrown at [C:\re\workspace\8-2-build-windows-amd64-cygwin\jdk8u66\5298\hotspot\src\share\vm\runtime\objectMonitor.cpp, line 1683]
Event: 6663.068 Thread 0x000000001b4dd000 Implicit null exception at 0x0000000005da8ba4 to 0x0000000005da9a4d
Event: 6663.068 Thread 0x000000001b4dd000 Exception <a 'java/lang/NullPointerException'> (0x00000000f64dff18) thrown at [C:\re\workspace\8-2-build-windows-amd64-cygwin\jdk8u66\5298\hotspot\src\share\vm\prims\jvm.cpp, line 1390]
Event: 6663.120 Thread 0x0000000019b0e000 Exception <a 'java/lang/InterruptedException'> (0x00000000f5c7f078) thrown at [C:\re\workspace\8-2-build-windows-amd64-cygwin\jdk8u66\5298\hotspot\src\share\vm\runtime\objectMonitor.cpp, line 1683]
Event: 6663.146 Thread 0x0000000015eea800 Exception <a 'java/lang/InterruptedException'> (0x00000000f65f02f8) thrown at [C:\re\workspace\8-2-build-windows-amd64-cygwin\jdk8u66\5298\hotspot\src\share\vm\runtime\objectMonitor.cpp, line 1683]
Event: 6663.156 Thread 0x0000000019b0f800 Exception <a 'java/lang/InterruptedException'> (0x00000000f5797888) thrown at [C:\re\workspace\8-2-build-windows-amd64-cygwin\jdk8u66\5298\hotspot\src\share\vm\runtime\objectMonitor.cpp, line 1683]
Event: 6663.157 Thread 0x0000000015d08000 Exception <a 'java/lang/InterruptedException'> (0x00000000f6809948) thrown at [C:\re\workspace\8-2-build-windows-amd64-cygwin\jdk8u66\5298\hotspot\src\share\vm\runtime\objectMonitor.cpp, line 1683]

Events (10 events):
Event: 6663.162 Executing VM operation: BulkRevokeBias done
Event: 6663.162 Thread 0x000000001b4dd000 Thread exited: 0x000000001b4dd000
Event: 6663.163 loading class java/util/IdentityHashMap$KeyIterator
Event: 6663.164 loading class java/util/IdentityHashMap$IdentityHashMapIterator
Event: 6663.165 loading class java/util/IdentityHashMap$IdentityHashMapIterator done
Event: 6663.165 loading class java/util/IdentityHashMap$KeyIterator done
Event: 6663.165 Thread 0x000000001b4d5800 Thread added: 0x000000001b4d5800
Event: 6663.166 Thread 0x000000001b4d5800 Thread exited: 0x000000001b4d5800
Event: 6663.166 Thread 0x0000000013c81800 flushing nmethod 0x0000000002c8a810
Event: 6663.167 Executing VM operation: Exit


Dynamic libraries:
0x0000000000400000 - 0x000000000044f000 	C:\Xilinx\SDK\2016.4\eclipse\win64.o\eclipse.exe
0x00007ffd17520000 - 0x00007ffd176fb000 	C:\WINDOWS\SYSTEM32\ntdll.dll
0x00007ffd15750000 - 0x00007ffd157fe000 	C:\WINDOWS\System32\KERNEL32.DLL
0x00007ffd14790000 - 0x00007ffd149d9000 	C:\WINDOWS\System32\KERNELBASE.dll
0x00007ffd12090000 - 0x00007ffd1210e000 	C:\WINDOWS\SYSTEM32\apphelp.dll
0x00007ffd15120000 - 0x00007ffd1526a000 	C:\WINDOWS\System32\USER32.dll
0x00007ffd13b40000 - 0x00007ffd13b5e000 	C:\WINDOWS\System32\win32u.dll
0x00007ffd14a80000 - 0x00007ffd14aa7000 	C:\WINDOWS\System32\GDI32.dll
0x00007ffd13bd0000 - 0x00007ffd13d57000 	C:\WINDOWS\System32\gdi32full.dll
0x00007ffd149e0000 - 0x00007ffd14a7a000 	C:\WINDOWS\System32\msvcp_win.dll
0x00007ffd14690000 - 0x00007ffd14786000 	C:\WINDOWS\System32\ucrtbase.dll
0x00007ffd15080000 - 0x00007ffd1511d000 	C:\WINDOWS\System32\msvcrt.dll
0x00007ffd00e40000 - 0x00007ffd010a7000 	C:\WINDOWS\WinSxS\amd64_microsoft.windows.common-controls_6595b64144ccf1df_6.0.15063.483_none_26002d27e7c744a2\COMCTL32.dll
0x00007ffd153a0000 - 0x00007ffd15699000 	C:\WINDOWS\System32\combase.dll
0x00007ffd15270000 - 0x00007ffd15395000 	C:\WINDOWS\System32\RPCRT4.dll
0x00007ffd13b60000 - 0x00007ffd13bca000 	C:\WINDOWS\System32\bcryptPrimitives.dll
0x00007ffd14b80000 - 0x00007ffd14bad000 	C:\WINDOWS\System32\IMM32.DLL
0x0000000072000000 - 0x0000000072012000 	C:\Xilinx\SDK\2016.4\eclipse\win64.o\plugins\org.eclipse.equinox.launcher.win32.win32.x86_64_1.1.300.v20150602-1417\eclipse_1611.dll
0x00007ffd14bb0000 - 0x00007ffd14c51000 	C:\WINDOWS\System32\ADVAPI32.dll
0x00007ffd16010000 - 0x00007ffd16069000 	C:\WINDOWS\System32\sechost.dll
0x00007ffd0f3c0000 - 0x00007ffd0f3ca000 	C:\WINDOWS\SYSTEM32\VERSION.dll
0x00007ffd12290000 - 0x00007ffd12325000 	C:\WINDOWS\system32\uxtheme.dll
0x00007ffd14ea0000 - 0x00007ffd15006000 	C:\WINDOWS\System32\MSCTF.dll
0x00007ffd14ac0000 - 0x00007ffd14b80000 	C:\WINDOWS\System32\OLEAUT32.dll
0x00000000577e0000 - 0x0000000058069000 	C:\Xilinx\SDK\2016.4\tps\win64\jre\bin\server\jvm.dll
0x00007ffd15ab0000 - 0x00007ffd15ab8000 	C:\WINDOWS\System32\PSAPI.DLL
0x00007ffcfb6c0000 - 0x00007ffcfb6c9000 	C:\WINDOWS\SYSTEM32\WSOCK32.dll
0x00007ffd01450000 - 0x00007ffd01473000 	C:\WINDOWS\SYSTEM32\WINMM.dll
0x000000005a0f0000 - 0x000000005a1c2000 	C:\WINDOWS\SYSTEM32\MSVCR100.dll
0x00007ffd16070000 - 0x00007ffd160dc000 	C:\WINDOWS\System32\WS2_32.dll
0x00007ffd01420000 - 0x00007ffd0144b000 	C:\WINDOWS\SYSTEM32\winmmbase.dll
0x00007ffd13af0000 - 0x00007ffd13b39000 	C:\WINDOWS\System32\cfgmgr32.dll
0x0000000059f60000 - 0x0000000059f6f000 	C:\Xilinx\SDK\2016.4\tps\win64\jre\bin\verify.dll
0x0000000057680000 - 0x00000000576a9000 	C:\Xilinx\SDK\2016.4\tps\win64\jre\bin\java.dll
0x0000000057660000 - 0x0000000057676000 	C:\Xilinx\SDK\2016.4\tps\win64\jre\bin\zip.dll
0x00007ffd160e0000 - 0x00007ffd17516000 	C:\WINDOWS\System32\SHELL32.dll
0x00007ffd156a0000 - 0x00007ffd1574a000 	C:\WINDOWS\System32\shcore.dll
0x00007ffd13f90000 - 0x00007ffd14681000 	C:\WINDOWS\System32\windows.storage.dll
0x00007ffd158a0000 - 0x00007ffd158f1000 	C:\WINDOWS\System32\shlwapi.dll
0x00007ffd13a20000 - 0x00007ffd13a31000 	C:\WINDOWS\System32\kernel.appcore.dll
0x00007ffd139b0000 - 0x00007ffd139fc000 	C:\WINDOWS\System32\powrprof.dll
0x00007ffd13a00000 - 0x00007ffd13a15000 	C:\WINDOWS\System32\profapi.dll
0x00007ffd13440000 - 0x00007ffd13457000 	C:\WINDOWS\SYSTEM32\CRYPTSP.dll
0x00007ffd12ec0000 - 0x00007ffd12ef4000 	C:\WINDOWS\system32\rsaenh.dll
0x00007ffd13550000 - 0x00007ffd13575000 	C:\WINDOWS\SYSTEM32\bcrypt.dll
0x00007ffd138c0000 - 0x00007ffd138e9000 	C:\WINDOWS\SYSTEM32\USERENV.dll
0x00007ffd13460000 - 0x00007ffd1346b000 	C:\WINDOWS\SYSTEM32\CRYPTBASE.dll
0x0000000057640000 - 0x000000005765a000 	C:\Xilinx\SDK\2016.4\tps\win64\jre\bin\net.dll
0x00007ffd132a0000 - 0x00007ffd132fc000 	C:\WINDOWS\system32\mswsock.dll
0x00007ffd13040000 - 0x00007ffd13077000 	C:\WINDOWS\SYSTEM32\IPHLPAPI.DLL
0x00007ffd14ab0000 - 0x00007ffd14ab8000 	C:\WINDOWS\System32\NSI.dll
0x00007ffd0f830000 - 0x00007ffd0f846000 	C:\WINDOWS\SYSTEM32\dhcpcsvc6.DLL
0x00007ffd0f930000 - 0x00007ffd0f94a000 	C:\WINDOWS\SYSTEM32\dhcpcsvc.DLL
0x0000000057620000 - 0x0000000057631000 	C:\Xilinx\SDK\2016.4\tps\win64\jre\bin\nio.dll
0x00007ffcffca0000 - 0x00007ffcffd22000 	C:\WINDOWS\System32\TextInputFramework.dll
0x00007ffcff9c0000 - 0x00007ffcffc92000 	C:\WINDOWS\System32\CoreUIComponents.dll
0x00007ffd11a80000 - 0x00007ffd11b63000 	C:\WINDOWS\System32\CoreMessaging.dll
0x00007ffd12ba0000 - 0x00007ffd12bd1000 	C:\WINDOWS\SYSTEM32\ntmarta.dll
0x00007ffd10170000 - 0x00007ffd102a9000 	C:\WINDOWS\SYSTEM32\wintypes.dll
0x00007ffd10a10000 - 0x00007ffd10a25000 	C:\WINDOWS\SYSTEM32\usermgrcli.dll
0x00007ffd01330000 - 0x00007ffd0135a000 	C:\WINDOWS\system32\dwmapi.dll
0x00007ffd070c0000 - 0x00007ffd070d6000 	C:\WINDOWS\system32\napinsp.dll
0x00007ffd06ef0000 - 0x00007ffd06f0a000 	C:\WINDOWS\system32\pnrpnsp.dll
0x00007ffd10c10000 - 0x00007ffd10c28000 	C:\WINDOWS\system32\NLAapi.dll
0x00007ffd13080000 - 0x00007ffd13124000 	C:\WINDOWS\SYSTEM32\DNSAPI.dll
0x00007ffd07c10000 - 0x00007ffd07c1e000 	C:\WINDOWS\System32\winrnr.dll
0x00007ffcea3e0000 - 0x00007ffcea3f5000 	C:\WINDOWS\System32\wshbth.dll
0x00007ffd01c90000 - 0x00007ffd01c9a000 	C:\Windows\System32\rasadhlp.dll
0x00007ffd0acd0000 - 0x00007ffd0ad3b000 	C:\WINDOWS\System32\fwpuclnt.dll
0x0000000018820000 - 0x00000000188c8000 	C:\Users\nks\.Xilinx\SDK\2016.4\org.eclipse.osgi\319\0\.cp\swt-win32-4527.dll
0x00007ffd15900000 - 0x00007ffd15a45000 	C:\WINDOWS\System32\ole32.dll
0x00007ffd15f00000 - 0x00007ffd16008000 	C:\WINDOWS\System32\comdlg32.dll
0x00007ffd13dc0000 - 0x00007ffd13f89000 	C:\WINDOWS\System32\CRYPT32.dll
0x00007ffd13990000 - 0x00007ffd139a1000 	C:\WINDOWS\System32\MSASN1.dll
0x00007ffcff340000 - 0x00007ffcff3ca000 	C:\WINDOWS\SYSTEM32\WINSPOOL.DRV
0x00007ffcf87e0000 - 0x00007ffcf8b0e000 	C:\WINDOWS\SYSTEM32\WININET.dll
0x00007ffd07a70000 - 0x00007ffd07a89000 	C:\WINDOWS\SYSTEM32\USP10.dll
0x00007ffd0ee90000 - 0x00007ffd0f026000 	C:\WINDOWS\SYSTEM32\propsys.dll
0x00007ffd14c60000 - 0x00007ffd14cfe000 	C:\WINDOWS\System32\clbcatq.dll
0x0000000018900000 - 0x000000001891e000 	C:\Users\nks\.Xilinx\SDK\2016.4\org.eclipse.osgi\319\0\.cp\swt-gdip-win32-4527.dll
0x00007ffcff1a0000 - 0x00007ffcff335000 	C:\WINDOWS\WinSxS\amd64_microsoft.windows.gdiplus_6595b64144ccf1df_1.1.15063.608_none_56f0266b425534e9\gdiplus.dll
0x00007ffcff450000 - 0x00007ffcff5fc000 	C:\WINDOWS\SYSTEM32\WindowsCodecs.dll
0x00007ffcff3d0000 - 0x00007ffcff43b000 	C:\WINDOWS\SYSTEM32\oleacc.dll
0x00007ffcf7270000 - 0x00007ffcf72af000 	C:\WINDOWS\system32\mlang.dll
0x00007ffce2c40000 - 0x00007ffce2c87000 	C:\WINDOWS\system32\dataexchange.dll
0x00007ffd11360000 - 0x00007ffd1163f000 	C:\WINDOWS\system32\d3d11.dll
0x00007ffd11b70000 - 0x00007ffd11c92000 	C:\WINDOWS\system32\dcomp.dll
0x00007ffd128e0000 - 0x00007ffd12984000 	C:\WINDOWS\system32\dxgi.dll
0x00007ffd12360000 - 0x00007ffd124d0000 	C:\WINDOWS\system32\twinapi.appcore.dll
0x00007ffce0800000 - 0x00007ffce1441000 	C:\Windows\System32\ieframe.dll
0x00007ffd0ee70000 - 0x00007ffd0ee87000 	C:\Windows\System32\NETAPI32.dll
0x00007ffcfdd30000 - 0x00007ffcfdfba000 	C:\Windows\System32\iertutil.dll
0x00007ffd08db0000 - 0x00007ffd08e3e000 	C:\Windows\System32\DSREG.DLL
0x00007ffd108c0000 - 0x00007ffd1094f000 	C:\Windows\System32\msvcp110_win.dll
0x00007ffd13130000 - 0x00007ffd1313d000 	C:\Windows\System32\NETUTILS.DLL
0x00007ffd0fe30000 - 0x00007ffd0fe46000 	C:\Windows\System32\WKSCLI.DLL
0x00007ffd15800000 - 0x00007ffd15871000 	C:\WINDOWS\System32\coml2.dll
0x00007ffcfbb40000 - 0x00007ffcfbd07000 	C:\WINDOWS\SYSTEM32\urlmon.dll
0x00007ffd137f0000 - 0x00007ffd1388a000 	C:\WINDOWS\SYSTEM32\sxs.dll
0x00007ffcee6c0000 - 0x00007ffcee733000 	C:\WINDOWS\SYSTEM32\msiso.dll
0x00007ffc88cc0000 - 0x00007ffc8a36f000 	C:\Windows\System32\mshtml.dll
0x00007ffd13890000 - 0x00007ffd138c0000 	C:\WINDOWS\SYSTEM32\SspiCli.dll
0x00007ffd088a0000 - 0x00007ffd088c8000 	C:\Windows\System32\srpapi.dll
0x00007ffd13d60000 - 0x00007ffd13db6000 	C:\WINDOWS\System32\WINTRUST.dll
0x00007ffc88830000 - 0x00007ffc88cbb000 	C:\Windows\System32\jscript9.dll
0x00007ffd0aca0000 - 0x00007ffd0acb0000 	C:\WINDOWS\system32\msimtf.dll
0x00007ffd0daa0000 - 0x00007ffd0daac000 	C:\WINDOWS\SYSTEM32\Secur32.dll
0x00007ffce0430000 - 0x00007ffce05f5000 	C:\Windows\System32\uiautomationcore.dll
0x00007ffd10db0000 - 0x00007ffd11354000 	C:\Windows\System32\d2d1.dll
0x00007ffcf9330000 - 0x00007ffcf95ef000 	C:\Windows\System32\DWrite.dll
0x00007ffd09590000 - 0x00007ffd095d9000 	C:\WINDOWS\system32\windowscodecsext.dll
0x00007ffd03fc0000 - 0x00007ffd03fd1000 	C:\Users\nks\.Xilinx\SDK\2016.4\org.eclipse.osgi\136\0\.cp\jWinHttp-1.0.0.dll
0x00007ffd0f640000 - 0x00007ffd0f717000 	C:\WINDOWS\SYSTEM32\WINHTTP.dll
0x0000000020620000 - 0x0000000020632000 	C:\Users\nks\.Xilinx\SDK\2016.4\org.eclipse.osgi\133\0\.cp\os\win32\x86_64\localfile_1_0_0.dll
0x00007ffd10140000 - 0x00007ffd1014f000 	C:\Xilinx\SDK\2016.4\lib\win64.o\librdi_repo_manager.dll
0x00007ffd03f90000 - 0x00007ffd03fba000 	C:\Xilinx\SDK\2016.4\lib\win64.o\libisl_sysinfo.dll
0x00007ffc87d80000 - 0x00007ffc8882a000 	C:\Xilinx\SDK\2016.4\lib\win64.o\librdi_common.dll
0x00007ffd03740000 - 0x00007ffd03793000 	C:\Xilinx\SDK\2016.4\lib\win64.o\librdi_commonxillic.dll
0x00007ffd006f0000 - 0x00007ffd00797000 	C:\WINDOWS\SYSTEM32\MSVCP110.dll
0x00007ffd007a0000 - 0x00007ffd00874000 	C:\WINDOWS\SYSTEM32\MSVCR110.dll
0x00007ffc87a10000 - 0x00007ffc87d7e000 	C:\Xilinx\SDK\2016.4\lib\win64.o\libCOIN-all.dll
0x00007ffca89c0000 - 0x00007ffca8bb8000 	C:\Xilinx\SDK\2016.4\lib\win64.o\librdi_hsm.dll
0x00007ffc877f0000 - 0x00007ffc87a0f000 	C:\Xilinx\SDK\2016.4\lib\win64.o\libXil_lmgr11.dll
0x00007ffd0db00000 - 0x00007ffd0db10000 	C:\Xilinx\SDK\2016.4\lib\win64.o\libboost_date_time.dll
0x00007ffcd6750000 - 0x00007ffcd6856000 	C:\Xilinx\SDK\2016.4\lib\win64.o\libboost_regex.dll
0x00007ffd0acb0000 - 0x00007ffd0acb9000 	C:\Xilinx\SDK\2016.4\lib\win64.o\libboost_system.dll
0x00007ffd03de0000 - 0x00007ffd03df3000 	C:\Xilinx\SDK\2016.4\lib\win64.o\libboost_signals.dll
0x00007ffd03720000 - 0x00007ffd0373d000 	C:\Xilinx\SDK\2016.4\lib\win64.o\libboost_thread.dll

VM Arguments:
jvm_args: -Dcom.xilinx.sdk.args.hwspec=C:/Users/nks/Desktop/TE_725_1023/project_1/project_1.sdk/module_ads7056_wrapper.hdf -Xms64m -Xmx512m & 
java_command: <unknown>
java_class_path (initial): C:\Xilinx\SDK\2016.4\eclipse\win64.o\\plugins/org.eclipse.equinox.launcher_1.3.100.v20150511-1540.jar
Launcher Type: generic

Environment Variables:
PATH=C:/Xilinx/SDK/2016.4/tps/win64/jre/bin/server;C:/Xilinx/SDK/2016.4/tps/win64/jre/bin;C:/Xilinx/SDK/2016.4/tps/win64/jre/lib/amd64;C:\Xilinx\SDK\2016.4\gnuwin\bin;C:\Xilinx\SDK\2016.4\gnu\microblaze\nt\bin;C:\Xilinx\SDK\2016.4\gnu\microblaze\linux_toolchain\nt64_le\bin;C:\Xilinx\SDK\2016.4\gnu\microblaze\linux_toolchain\nt64_be\bin;C:\Xilinx\SDK\2016.4\gnu\arm\nt\bin;C:\Xilinx\SDK\2016.4\gnu\aarch64\nt\aarch64-none\bin;C:\Xilinx\SDK\2016.4\gnu\aarch64\nt\aarch64-linux\bin;C:\Xilinx\SDK\2016.4\gnu\armr5\nt\gcc-arm-none-eabi\bin;C:\Xilinx\SDK\2016.4\gnu\aarch32\nt\gcc-arm-none-eabi\bin;C:\Xilinx\SDK\2016.4\gnu\aarch32\nt\gcc-arm-linux-gnueabi\bin;C:\Xilinx\SDK\2016.4\tps\win64\cmake-3.3.2\bin;;C:\Xilinx\SDK\2016.4\bin;C:\Xilinx\SDK\2016.4\lib\win64.o;C:\Xilinx\SDK\2016.4\tps\win64\jre\bin\server;C:\Xilinx\SDK\2016.4\tps\win64\jre\bin;C:\Xilinx\Vivado\2016.4\ids_lite\ISE\bin\nt64;C:\Xilinx\Vivado\2016.4\ids_lite\ISE\lib\nt64;C:\Xilinx\Vivado\2016.4\bin;C:\Xilinx\Vivado\2016.4\lib\win64.o;C:\Xilinx\Vivado\2016.4\tps\win64\jre\bin\server;C:\Xilinx\Vivado\2016.4\tps\win64\jre\bin;C:\Xilinx\Vivado_HLS\2016.4\bin;C:\ProgramData\Oracle\Java\javapath;C:\WINDOWS\system32;C:\WINDOWS;C:\WINDOWS\System32\Wbem;C:\WINDOWS\System32\WindowsPowerShell\v1.0\;C:\Program Files\Intel\WiFi\bin\;C:\Program Files\Common Files\Intel\WirelessCommon\;C:\Program Files\PuTTY\;C:\Program Files\OpenVPN\bin;C:\lscc\iCEcube2.2017.08\Aldec\Active-HDL\BIN;C:\Users\nks\AppData\Local\Microsoft\WindowsApps;;c:\Users\nks\Desktop\TE_725_1023\project_1;
USERNAME=nks
OS=Windows_NT
PROCESSOR_IDENTIFIER=Intel64 Family 6 Model 78 Stepping 3, GenuineIntel



---------------  S Y S T E M  ---------------

OS: Windows 10.0 , 64 bit Build 15063 (10.0.15063.296)

CPU:total 4 (2 cores per cpu, 2 threads per core) family 6 model 78 stepping 3, cmov, cx8, fxsr, mmx, sse, sse2, sse3, ssse3, sse4.1, sse4.2, popcnt, avx, avx2, aes, clmul, erms, 3dnowpref, lzcnt, ht, tsc, tscinvbit, bmi1, bmi2, adx

Memory: 4k page, physical 8275592k(1717396k free), swap 15379696k(3161464k free)

vm_info: Java HotSpot(TM) 64-Bit Server VM (25.66-b18) for windows-amd64 JRE (1.8.0_66-b18), built on Nov  9 2015 10:51:13 by "java_re" with MS VC++ 10.0 (VS2010)

time: Mon Oct 30 01:07:43 2017
elapsed time: 6663 seconds (0d 1h 51m 3s)

