
*** Running vivado
    with args -log clk_A1314_clk_wiz_0_0.vds -m64 -product Vivado -mode batch -messageDb vivado.pb -notrace -source clk_A1314_clk_wiz_0_0.tcl


****** Vivado v2016.4 (64-bit)
  **** SW Build 1756540 on Mon Jan 23 19:11:23 MST 2017
  **** IP Build 1755317 on Mon Jan 23 20:30:07 MST 2017
    ** Copyright 1986-2016 Xilinx, Inc. All Rights Reserved.

source clk_A1314_clk_wiz_0_0.tcl -notrace
Starting RTL Elaboration : Time (s): cpu = 00:00:04 ; elapsed = 00:00:05 . Memory (MB): peak = 294.152 ; gain = 84.469
INFO: [Synth 8-638] synthesizing module 'clk_A1314_clk_wiz_0_0' [c:/Users/rzaadmin/Desktop/test_725/project_1/project_1.srcs/sources_1/bd/clk_A1314/ip/clk_A1314_clk_wiz_0_0/clk_A1314_clk_wiz_0_0.v:72]
INFO: [Synth 8-638] synthesizing module 'clk_A1314_clk_wiz_0_0_clk_wiz' [c:/Users/rzaadmin/Desktop/test_725/project_1/project_1.srcs/sources_1/bd/clk_A1314/ip/clk_A1314_clk_wiz_0_0/clk_A1314_clk_wiz_0_0_clk_wiz.v:70]
INFO: [Synth 8-638] synthesizing module 'IBUF' [C:/Xilinx/Vivado/2016.4/scripts/rt/data/unisim_comp.v:14146]
INFO: [Synth 8-256] done synthesizing module 'IBUF' (1#1) [C:/Xilinx/Vivado/2016.4/scripts/rt/data/unisim_comp.v:14146]
INFO: [Synth 8-638] synthesizing module 'MMCME2_ADV' [C:/Xilinx/Vivado/2016.4/scripts/rt/data/unisim_comp.v:20414]
INFO: [Synth 8-256] done synthesizing module 'MMCME2_ADV' (2#1) [C:/Xilinx/Vivado/2016.4/scripts/rt/data/unisim_comp.v:20414]
INFO: [Synth 8-638] synthesizing module 'BUFG' [C:/Xilinx/Vivado/2016.4/scripts/rt/data/unisim_comp.v:607]
INFO: [Synth 8-256] done synthesizing module 'BUFG' (3#1) [C:/Xilinx/Vivado/2016.4/scripts/rt/data/unisim_comp.v:607]
INFO: [Synth 8-256] done synthesizing module 'clk_A1314_clk_wiz_0_0_clk_wiz' (4#1) [c:/Users/rzaadmin/Desktop/test_725/project_1/project_1.srcs/sources_1/bd/clk_A1314/ip/clk_A1314_clk_wiz_0_0/clk_A1314_clk_wiz_0_0_clk_wiz.v:70]
INFO: [Synth 8-256] done synthesizing module 'clk_A1314_clk_wiz_0_0' (5#1) [c:/Users/rzaadmin/Desktop/test_725/project_1/project_1.srcs/sources_1/bd/clk_A1314/ip/clk_A1314_clk_wiz_0_0/clk_A1314_clk_wiz_0_0.v:72]
Finished RTL Elaboration : Time (s): cpu = 00:00:05 ; elapsed = 00:00:06 . Memory (MB): peak = 331.574 ; gain = 121.891
Finished RTL Optimization Phase 1 : Time (s): cpu = 00:00:05 ; elapsed = 00:00:06 . Memory (MB): peak = 331.574 ; gain = 121.891
INFO: [Device 21-403] Loading part xc7a35tcsg324-2
Constraint Validation Runtime : Time (s): cpu = 00:00:00 ; elapsed = 00:00:00.010 . Memory (MB): peak = 540.637 ; gain = 0.000
Finished Constraint Validation : Time (s): cpu = 00:00:12 ; elapsed = 00:00:14 . Memory (MB): peak = 540.637 ; gain = 330.953
Finished Loading Part and Timing Information : Time (s): cpu = 00:00:12 ; elapsed = 00:00:14 . Memory (MB): peak = 540.637 ; gain = 330.953
Finished applying 'set_property' XDC Constraints : Time (s): cpu = 00:00:12 ; elapsed = 00:00:14 . Memory (MB): peak = 540.637 ; gain = 330.953
Finished RTL Optimization Phase 2 : Time (s): cpu = 00:00:12 ; elapsed = 00:00:14 . Memory (MB): peak = 540.637 ; gain = 330.953
Finished Cross Boundary and Area Optimization : Time (s): cpu = 00:00:12 ; elapsed = 00:00:14 . Memory (MB): peak = 540.637 ; gain = 330.953
Finished Applying XDC Timing Constraints : Time (s): cpu = 00:00:21 ; elapsed = 00:00:22 . Memory (MB): peak = 558.371 ; gain = 348.688
Finished Timing Optimization : Time (s): cpu = 00:00:21 ; elapsed = 00:00:22 . Memory (MB): peak = 558.371 ; gain = 348.688
Finished Technology Mapping : Time (s): cpu = 00:00:21 ; elapsed = 00:00:22 . Memory (MB): peak = 568.055 ; gain = 358.371
Finished IO Insertion : Time (s): cpu = 00:00:21 ; elapsed = 00:00:23 . Memory (MB): peak = 568.055 ; gain = 358.371
Finished Renaming Generated Instances : Time (s): cpu = 00:00:21 ; elapsed = 00:00:23 . Memory (MB): peak = 568.055 ; gain = 358.371
Finished Rebuilding User Hierarchy : Time (s): cpu = 00:00:21 ; elapsed = 00:00:23 . Memory (MB): peak = 568.055 ; gain = 358.371
Finished Renaming Generated Ports : Time (s): cpu = 00:00:21 ; elapsed = 00:00:23 . Memory (MB): peak = 568.055 ; gain = 358.371
Finished Handling Custom Attributes : Time (s): cpu = 00:00:21 ; elapsed = 00:00:23 . Memory (MB): peak = 568.055 ; gain = 358.371
Finished Renaming Generated Nets : Time (s): cpu = 00:00:21 ; elapsed = 00:00:23 . Memory (MB): peak = 568.055 ; gain = 358.371

Report Cell Usage: 
+------+-----------+------+
|      |Cell       |Count |
+------+-----------+------+
|1     |BUFG       |     4|
|2     |MMCME2_ADV |     1|
|3     |IBUF       |     1|
+------+-----------+------+
Finished Writing Synthesis Report : Time (s): cpu = 00:00:21 ; elapsed = 00:00:23 . Memory (MB): peak = 568.055 ; gain = 358.371
synth_design: Time (s): cpu = 00:00:23 ; elapsed = 00:00:24 . Memory (MB): peak = 945.840 ; gain = 730.004
