
*** Running vivado
    with args -log module_ads7056_axi_quad_spi_0_0.vds -m64 -product Vivado -mode batch -messageDb vivado.pb -notrace -source module_ads7056_axi_quad_spi_0_0.tcl


****** Vivado v2016.4 (64-bit)
  **** SW Build 1756540 on Mon Jan 23 19:11:23 MST 2017
  **** IP Build 1755317 on Mon Jan 23 20:30:07 MST 2017
    ** Copyright 1986-2016 Xilinx, Inc. All Rights Reserved.

source module_ads7056_axi_quad_spi_0_0.tcl -notrace
Starting RTL Elaboration : Time (s): cpu = 00:00:10 ; elapsed = 00:00:14 . Memory (MB): peak = 307.496 ; gain = 97.051
INFO: [Synth 8-638] synthesizing module 'module_ads7056_axi_quad_spi_0_0' [c:/Users/nks/Desktop/TE_725_1023/project_1/project_1.srcs/sources_1/bd/module_ads7056/ip/module_ads7056_axi_quad_spi_0_0/synth/module_ads7056_axi_quad_spi_0_0.vhd:103]
INFO: [Synth 8-638] synthesizing module 'axi_quad_spi' [c:/Users/nks/Desktop/TE_725_1023/project_1/project_1.srcs/sources_1/bd/module_ads7056/ipshared/e7ca/hdl/axi_quad_spi_v3_2_rfs.vhd:33002]
INFO: [Synth 8-638] synthesizing module 'axi_quad_spi_top' [c:/Users/nks/Desktop/TE_725_1023/project_1/project_1.srcs/sources_1/bd/module_ads7056/ipshared/e7ca/hdl/axi_quad_spi_v3_2_rfs.vhd:31276]
INFO: [Synth 8-638] synthesizing module 'axi_lite_ipif' [c:/Users/nks/Desktop/TE_725_1023/project_1/project_1.srcs/sources_1/bd/module_ads7056/ipshared/0ba0/hdl/axi_lite_ipif_v3_0_vh_rfs.vhd:2948]
INFO: [Synth 8-638] synthesizing module 'slave_attachment' [c:/Users/nks/Desktop/TE_725_1023/project_1/project_1.srcs/sources_1/bd/module_ads7056/ipshared/0ba0/hdl/axi_lite_ipif_v3_0_vh_rfs.vhd:2341]
INFO: [Synth 8-638] synthesizing module 'address_decoder' [c:/Users/nks/Desktop/TE_725_1023/project_1/project_1.srcs/sources_1/bd/module_ads7056/ipshared/0ba0/hdl/axi_lite_ipif_v3_0_vh_rfs.vhd:1775]
INFO: [Synth 8-638] synthesizing module 'axi_lite_ipif_v3_0_4_pselect_f' [c:/Users/nks/Desktop/TE_725_1023/project_1/project_1.srcs/sources_1/bd/module_ads7056/ipshared/0ba0/hdl/axi_lite_ipif_v3_0_vh_rfs.vhd:1534]
INFO: [Synth 8-256] done synthesizing module 'axi_lite_ipif_v3_0_4_pselect_f' (1#1) [c:/Users/nks/Desktop/TE_725_1023/project_1/project_1.srcs/sources_1/bd/module_ads7056/ipshared/0ba0/hdl/axi_lite_ipif_v3_0_vh_rfs.vhd:1534]
INFO: [Synth 8-638] synthesizing module 'axi_lite_ipif_v3_0_4_pselect_f__parameterized0' [c:/Users/nks/Desktop/TE_725_1023/project_1/project_1.srcs/sources_1/bd/module_ads7056/ipshared/0ba0/hdl/axi_lite_ipif_v3_0_vh_rfs.vhd:1534]
INFO: [Synth 8-256] done synthesizing module 'axi_lite_ipif_v3_0_4_pselect_f__parameterized0' (1#1) [c:/Users/nks/Desktop/TE_725_1023/project_1/project_1.srcs/sources_1/bd/module_ads7056/ipshared/0ba0/hdl/axi_lite_ipif_v3_0_vh_rfs.vhd:1534]
INFO: [Synth 8-638] synthesizing module 'axi_lite_ipif_v3_0_4_pselect_f__parameterized1' [c:/Users/nks/Desktop/TE_725_1023/project_1/project_1.srcs/sources_1/bd/module_ads7056/ipshared/0ba0/hdl/axi_lite_ipif_v3_0_vh_rfs.vhd:1534]
INFO: [Synth 8-256] done synthesizing module 'axi_lite_ipif_v3_0_4_pselect_f__parameterized1' (1#1) [c:/Users/nks/Desktop/TE_725_1023/project_1/project_1.srcs/sources_1/bd/module_ads7056/ipshared/0ba0/hdl/axi_lite_ipif_v3_0_vh_rfs.vhd:1534]
INFO: [Synth 8-638] synthesizing module 'axi_lite_ipif_v3_0_4_pselect_f__parameterized2' [c:/Users/nks/Desktop/TE_725_1023/project_1/project_1.srcs/sources_1/bd/module_ads7056/ipshared/0ba0/hdl/axi_lite_ipif_v3_0_vh_rfs.vhd:1534]
INFO: [Synth 8-256] done synthesizing module 'axi_lite_ipif_v3_0_4_pselect_f__parameterized2' (1#1) [c:/Users/nks/Desktop/TE_725_1023/project_1/project_1.srcs/sources_1/bd/module_ads7056/ipshared/0ba0/hdl/axi_lite_ipif_v3_0_vh_rfs.vhd:1534]
INFO: [Synth 8-638] synthesizing module 'axi_lite_ipif_v3_0_4_pselect_f__parameterized3' [c:/Users/nks/Desktop/TE_725_1023/project_1/project_1.srcs/sources_1/bd/module_ads7056/ipshared/0ba0/hdl/axi_lite_ipif_v3_0_vh_rfs.vhd:1534]
INFO: [Synth 8-256] done synthesizing module 'axi_lite_ipif_v3_0_4_pselect_f__parameterized3' (1#1) [c:/Users/nks/Desktop/TE_725_1023/project_1/project_1.srcs/sources_1/bd/module_ads7056/ipshared/0ba0/hdl/axi_lite_ipif_v3_0_vh_rfs.vhd:1534]
INFO: [Synth 8-638] synthesizing module 'axi_lite_ipif_v3_0_4_pselect_f__parameterized4' [c:/Users/nks/Desktop/TE_725_1023/project_1/project_1.srcs/sources_1/bd/module_ads7056/ipshared/0ba0/hdl/axi_lite_ipif_v3_0_vh_rfs.vhd:1534]
INFO: [Synth 8-256] done synthesizing module 'axi_lite_ipif_v3_0_4_pselect_f__parameterized4' (1#1) [c:/Users/nks/Desktop/TE_725_1023/project_1/project_1.srcs/sources_1/bd/module_ads7056/ipshared/0ba0/hdl/axi_lite_ipif_v3_0_vh_rfs.vhd:1534]
INFO: [Synth 8-638] synthesizing module 'axi_lite_ipif_v3_0_4_pselect_f__parameterized5' [c:/Users/nks/Desktop/TE_725_1023/project_1/project_1.srcs/sources_1/bd/module_ads7056/ipshared/0ba0/hdl/axi_lite_ipif_v3_0_vh_rfs.vhd:1534]
INFO: [Synth 8-256] done synthesizing module 'axi_lite_ipif_v3_0_4_pselect_f__parameterized5' (1#1) [c:/Users/nks/Desktop/TE_725_1023/project_1/project_1.srcs/sources_1/bd/module_ads7056/ipshared/0ba0/hdl/axi_lite_ipif_v3_0_vh_rfs.vhd:1534]
INFO: [Synth 8-638] synthesizing module 'axi_lite_ipif_v3_0_4_pselect_f__parameterized6' [c:/Users/nks/Desktop/TE_725_1023/project_1/project_1.srcs/sources_1/bd/module_ads7056/ipshared/0ba0/hdl/axi_lite_ipif_v3_0_vh_rfs.vhd:1534]
INFO: [Synth 8-256] done synthesizing module 'axi_lite_ipif_v3_0_4_pselect_f__parameterized6' (1#1) [c:/Users/nks/Desktop/TE_725_1023/project_1/project_1.srcs/sources_1/bd/module_ads7056/ipshared/0ba0/hdl/axi_lite_ipif_v3_0_vh_rfs.vhd:1534]
INFO: [Synth 8-638] synthesizing module 'axi_lite_ipif_v3_0_4_pselect_f__parameterized7' [c:/Users/nks/Desktop/TE_725_1023/project_1/project_1.srcs/sources_1/bd/module_ads7056/ipshared/0ba0/hdl/axi_lite_ipif_v3_0_vh_rfs.vhd:1534]
INFO: [Synth 8-256] done synthesizing module 'axi_lite_ipif_v3_0_4_pselect_f__parameterized7' (1#1) [c:/Users/nks/Desktop/TE_725_1023/project_1/project_1.srcs/sources_1/bd/module_ads7056/ipshared/0ba0/hdl/axi_lite_ipif_v3_0_vh_rfs.vhd:1534]
INFO: [Synth 8-638] synthesizing module 'axi_lite_ipif_v3_0_4_pselect_f__parameterized8' [c:/Users/nks/Desktop/TE_725_1023/project_1/project_1.srcs/sources_1/bd/module_ads7056/ipshared/0ba0/hdl/axi_lite_ipif_v3_0_vh_rfs.vhd:1534]
INFO: [Synth 8-256] done synthesizing module 'axi_lite_ipif_v3_0_4_pselect_f__parameterized8' (1#1) [c:/Users/nks/Desktop/TE_725_1023/project_1/project_1.srcs/sources_1/bd/module_ads7056/ipshared/0ba0/hdl/axi_lite_ipif_v3_0_vh_rfs.vhd:1534]
INFO: [Synth 8-638] synthesizing module 'axi_lite_ipif_v3_0_4_pselect_f__parameterized9' [c:/Users/nks/Desktop/TE_725_1023/project_1/project_1.srcs/sources_1/bd/module_ads7056/ipshared/0ba0/hdl/axi_lite_ipif_v3_0_vh_rfs.vhd:1534]
INFO: [Synth 8-256] done synthesizing module 'axi_lite_ipif_v3_0_4_pselect_f__parameterized9' (1#1) [c:/Users/nks/Desktop/TE_725_1023/project_1/project_1.srcs/sources_1/bd/module_ads7056/ipshared/0ba0/hdl/axi_lite_ipif_v3_0_vh_rfs.vhd:1534]
INFO: [Synth 8-638] synthesizing module 'axi_lite_ipif_v3_0_4_pselect_f__parameterized10' [c:/Users/nks/Desktop/TE_725_1023/project_1/project_1.srcs/sources_1/bd/module_ads7056/ipshared/0ba0/hdl/axi_lite_ipif_v3_0_vh_rfs.vhd:1534]
INFO: [Synth 8-256] done synthesizing module 'axi_lite_ipif_v3_0_4_pselect_f__parameterized10' (1#1) [c:/Users/nks/Desktop/TE_725_1023/project_1/project_1.srcs/sources_1/bd/module_ads7056/ipshared/0ba0/hdl/axi_lite_ipif_v3_0_vh_rfs.vhd:1534]
INFO: [Synth 8-638] synthesizing module 'axi_lite_ipif_v3_0_4_pselect_f__parameterized11' [c:/Users/nks/Desktop/TE_725_1023/project_1/project_1.srcs/sources_1/bd/module_ads7056/ipshared/0ba0/hdl/axi_lite_ipif_v3_0_vh_rfs.vhd:1534]
INFO: [Synth 8-256] done synthesizing module 'axi_lite_ipif_v3_0_4_pselect_f__parameterized11' (1#1) [c:/Users/nks/Desktop/TE_725_1023/project_1/project_1.srcs/sources_1/bd/module_ads7056/ipshared/0ba0/hdl/axi_lite_ipif_v3_0_vh_rfs.vhd:1534]
INFO: [Synth 8-638] synthesizing module 'axi_lite_ipif_v3_0_4_pselect_f__parameterized12' [c:/Users/nks/Desktop/TE_725_1023/project_1/project_1.srcs/sources_1/bd/module_ads7056/ipshared/0ba0/hdl/axi_lite_ipif_v3_0_vh_rfs.vhd:1534]
INFO: [Synth 8-256] done synthesizing module 'axi_lite_ipif_v3_0_4_pselect_f__parameterized12' (1#1) [c:/Users/nks/Desktop/TE_725_1023/project_1/project_1.srcs/sources_1/bd/module_ads7056/ipshared/0ba0/hdl/axi_lite_ipif_v3_0_vh_rfs.vhd:1534]
INFO: [Synth 8-638] synthesizing module 'axi_lite_ipif_v3_0_4_pselect_f__parameterized13' [c:/Users/nks/Desktop/TE_725_1023/project_1/project_1.srcs/sources_1/bd/module_ads7056/ipshared/0ba0/hdl/axi_lite_ipif_v3_0_vh_rfs.vhd:1534]
INFO: [Synth 8-256] done synthesizing module 'axi_lite_ipif_v3_0_4_pselect_f__parameterized13' (1#1) [c:/Users/nks/Desktop/TE_725_1023/project_1/project_1.srcs/sources_1/bd/module_ads7056/ipshared/0ba0/hdl/axi_lite_ipif_v3_0_vh_rfs.vhd:1534]
INFO: [Synth 8-638] synthesizing module 'axi_lite_ipif_v3_0_4_pselect_f__parameterized14' [c:/Users/nks/Desktop/TE_725_1023/project_1/project_1.srcs/sources_1/bd/module_ads7056/ipshared/0ba0/hdl/axi_lite_ipif_v3_0_vh_rfs.vhd:1534]
INFO: [Synth 8-256] done synthesizing module 'axi_lite_ipif_v3_0_4_pselect_f__parameterized14' (1#1) [c:/Users/nks/Desktop/TE_725_1023/project_1/project_1.srcs/sources_1/bd/module_ads7056/ipshared/0ba0/hdl/axi_lite_ipif_v3_0_vh_rfs.vhd:1534]
INFO: [Synth 8-638] synthesizing module 'axi_lite_ipif_v3_0_4_pselect_f__parameterized15' [c:/Users/nks/Desktop/TE_725_1023/project_1/project_1.srcs/sources_1/bd/module_ads7056/ipshared/0ba0/hdl/axi_lite_ipif_v3_0_vh_rfs.vhd:1534]
INFO: [Synth 8-256] done synthesizing module 'axi_lite_ipif_v3_0_4_pselect_f__parameterized15' (1#1) [c:/Users/nks/Desktop/TE_725_1023/project_1/project_1.srcs/sources_1/bd/module_ads7056/ipshared/0ba0/hdl/axi_lite_ipif_v3_0_vh_rfs.vhd:1534]
INFO: [Synth 8-638] synthesizing module 'axi_lite_ipif_v3_0_4_pselect_f__parameterized16' [c:/Users/nks/Desktop/TE_725_1023/project_1/project_1.srcs/sources_1/bd/module_ads7056/ipshared/0ba0/hdl/axi_lite_ipif_v3_0_vh_rfs.vhd:1534]
INFO: [Synth 8-256] done synthesizing module 'axi_lite_ipif_v3_0_4_pselect_f__parameterized16' (1#1) [c:/Users/nks/Desktop/TE_725_1023/project_1/project_1.srcs/sources_1/bd/module_ads7056/ipshared/0ba0/hdl/axi_lite_ipif_v3_0_vh_rfs.vhd:1534]
INFO: [Synth 8-638] synthesizing module 'axi_lite_ipif_v3_0_4_pselect_f__parameterized17' [c:/Users/nks/Desktop/TE_725_1023/project_1/project_1.srcs/sources_1/bd/module_ads7056/ipshared/0ba0/hdl/axi_lite_ipif_v3_0_vh_rfs.vhd:1534]
INFO: [Synth 8-256] done synthesizing module 'axi_lite_ipif_v3_0_4_pselect_f__parameterized17' (1#1) [c:/Users/nks/Desktop/TE_725_1023/project_1/project_1.srcs/sources_1/bd/module_ads7056/ipshared/0ba0/hdl/axi_lite_ipif_v3_0_vh_rfs.vhd:1534]
INFO: [Synth 8-638] synthesizing module 'axi_lite_ipif_v3_0_4_pselect_f__parameterized18' [c:/Users/nks/Desktop/TE_725_1023/project_1/project_1.srcs/sources_1/bd/module_ads7056/ipshared/0ba0/hdl/axi_lite_ipif_v3_0_vh_rfs.vhd:1534]
INFO: [Synth 8-256] done synthesizing module 'axi_lite_ipif_v3_0_4_pselect_f__parameterized18' (1#1) [c:/Users/nks/Desktop/TE_725_1023/project_1/project_1.srcs/sources_1/bd/module_ads7056/ipshared/0ba0/hdl/axi_lite_ipif_v3_0_vh_rfs.vhd:1534]
INFO: [Synth 8-638] synthesizing module 'axi_lite_ipif_v3_0_4_pselect_f__parameterized19' [c:/Users/nks/Desktop/TE_725_1023/project_1/project_1.srcs/sources_1/bd/module_ads7056/ipshared/0ba0/hdl/axi_lite_ipif_v3_0_vh_rfs.vhd:1534]
INFO: [Synth 8-256] done synthesizing module 'axi_lite_ipif_v3_0_4_pselect_f__parameterized19' (1#1) [c:/Users/nks/Desktop/TE_725_1023/project_1/project_1.srcs/sources_1/bd/module_ads7056/ipshared/0ba0/hdl/axi_lite_ipif_v3_0_vh_rfs.vhd:1534]
INFO: [Synth 8-638] synthesizing module 'axi_lite_ipif_v3_0_4_pselect_f__parameterized20' [c:/Users/nks/Desktop/TE_725_1023/project_1/project_1.srcs/sources_1/bd/module_ads7056/ipshared/0ba0/hdl/axi_lite_ipif_v3_0_vh_rfs.vhd:1534]
INFO: [Synth 8-256] done synthesizing module 'axi_lite_ipif_v3_0_4_pselect_f__parameterized20' (1#1) [c:/Users/nks/Desktop/TE_725_1023/project_1/project_1.srcs/sources_1/bd/module_ads7056/ipshared/0ba0/hdl/axi_lite_ipif_v3_0_vh_rfs.vhd:1534]
INFO: [Synth 8-638] synthesizing module 'axi_lite_ipif_v3_0_4_pselect_f__parameterized21' [c:/Users/nks/Desktop/TE_725_1023/project_1/project_1.srcs/sources_1/bd/module_ads7056/ipshared/0ba0/hdl/axi_lite_ipif_v3_0_vh_rfs.vhd:1534]
INFO: [Synth 8-256] done synthesizing module 'axi_lite_ipif_v3_0_4_pselect_f__parameterized21' (1#1) [c:/Users/nks/Desktop/TE_725_1023/project_1/project_1.srcs/sources_1/bd/module_ads7056/ipshared/0ba0/hdl/axi_lite_ipif_v3_0_vh_rfs.vhd:1534]
INFO: [Synth 8-638] synthesizing module 'axi_lite_ipif_v3_0_4_pselect_f__parameterized22' [c:/Users/nks/Desktop/TE_725_1023/project_1/project_1.srcs/sources_1/bd/module_ads7056/ipshared/0ba0/hdl/axi_lite_ipif_v3_0_vh_rfs.vhd:1534]
INFO: [Synth 8-256] done synthesizing module 'axi_lite_ipif_v3_0_4_pselect_f__parameterized22' (1#1) [c:/Users/nks/Desktop/TE_725_1023/project_1/project_1.srcs/sources_1/bd/module_ads7056/ipshared/0ba0/hdl/axi_lite_ipif_v3_0_vh_rfs.vhd:1534]
INFO: [Synth 8-638] synthesizing module 'axi_lite_ipif_v3_0_4_pselect_f__parameterized23' [c:/Users/nks/Desktop/TE_725_1023/project_1/project_1.srcs/sources_1/bd/module_ads7056/ipshared/0ba0/hdl/axi_lite_ipif_v3_0_vh_rfs.vhd:1534]
INFO: [Synth 8-256] done synthesizing module 'axi_lite_ipif_v3_0_4_pselect_f__parameterized23' (1#1) [c:/Users/nks/Desktop/TE_725_1023/project_1/project_1.srcs/sources_1/bd/module_ads7056/ipshared/0ba0/hdl/axi_lite_ipif_v3_0_vh_rfs.vhd:1534]
INFO: [Synth 8-638] synthesizing module 'axi_lite_ipif_v3_0_4_pselect_f__parameterized24' [c:/Users/nks/Desktop/TE_725_1023/project_1/project_1.srcs/sources_1/bd/module_ads7056/ipshared/0ba0/hdl/axi_lite_ipif_v3_0_vh_rfs.vhd:1534]
INFO: [Synth 8-256] done synthesizing module 'axi_lite_ipif_v3_0_4_pselect_f__parameterized24' (1#1) [c:/Users/nks/Desktop/TE_725_1023/project_1/project_1.srcs/sources_1/bd/module_ads7056/ipshared/0ba0/hdl/axi_lite_ipif_v3_0_vh_rfs.vhd:1534]
INFO: [Synth 8-638] synthesizing module 'axi_lite_ipif_v3_0_4_pselect_f__parameterized25' [c:/Users/nks/Desktop/TE_725_1023/project_1/project_1.srcs/sources_1/bd/module_ads7056/ipshared/0ba0/hdl/axi_lite_ipif_v3_0_vh_rfs.vhd:1534]
INFO: [Synth 8-256] done synthesizing module 'axi_lite_ipif_v3_0_4_pselect_f__parameterized25' (1#1) [c:/Users/nks/Desktop/TE_725_1023/project_1/project_1.srcs/sources_1/bd/module_ads7056/ipshared/0ba0/hdl/axi_lite_ipif_v3_0_vh_rfs.vhd:1534]
INFO: [Synth 8-638] synthesizing module 'axi_lite_ipif_v3_0_4_pselect_f__parameterized26' [c:/Users/nks/Desktop/TE_725_1023/project_1/project_1.srcs/sources_1/bd/module_ads7056/ipshared/0ba0/hdl/axi_lite_ipif_v3_0_vh_rfs.vhd:1534]
INFO: [Synth 8-256] done synthesizing module 'axi_lite_ipif_v3_0_4_pselect_f__parameterized26' (1#1) [c:/Users/nks/Desktop/TE_725_1023/project_1/project_1.srcs/sources_1/bd/module_ads7056/ipshared/0ba0/hdl/axi_lite_ipif_v3_0_vh_rfs.vhd:1534]
INFO: [Synth 8-638] synthesizing module 'axi_lite_ipif_v3_0_4_pselect_f__parameterized27' [c:/Users/nks/Desktop/TE_725_1023/project_1/project_1.srcs/sources_1/bd/module_ads7056/ipshared/0ba0/hdl/axi_lite_ipif_v3_0_vh_rfs.vhd:1534]
INFO: [Synth 8-256] done synthesizing module 'axi_lite_ipif_v3_0_4_pselect_f__parameterized27' (1#1) [c:/Users/nks/Desktop/TE_725_1023/project_1/project_1.srcs/sources_1/bd/module_ads7056/ipshared/0ba0/hdl/axi_lite_ipif_v3_0_vh_rfs.vhd:1534]
INFO: [Synth 8-638] synthesizing module 'axi_lite_ipif_v3_0_4_pselect_f__parameterized28' [c:/Users/nks/Desktop/TE_725_1023/project_1/project_1.srcs/sources_1/bd/module_ads7056/ipshared/0ba0/hdl/axi_lite_ipif_v3_0_vh_rfs.vhd:1534]
INFO: [Synth 8-256] done synthesizing module 'axi_lite_ipif_v3_0_4_pselect_f__parameterized28' (1#1) [c:/Users/nks/Desktop/TE_725_1023/project_1/project_1.srcs/sources_1/bd/module_ads7056/ipshared/0ba0/hdl/axi_lite_ipif_v3_0_vh_rfs.vhd:1534]
INFO: [Synth 8-638] synthesizing module 'axi_lite_ipif_v3_0_4_pselect_f__parameterized29' [c:/Users/nks/Desktop/TE_725_1023/project_1/project_1.srcs/sources_1/bd/module_ads7056/ipshared/0ba0/hdl/axi_lite_ipif_v3_0_vh_rfs.vhd:1534]
INFO: [Synth 8-256] done synthesizing module 'axi_lite_ipif_v3_0_4_pselect_f__parameterized29' (1#1) [c:/Users/nks/Desktop/TE_725_1023/project_1/project_1.srcs/sources_1/bd/module_ads7056/ipshared/0ba0/hdl/axi_lite_ipif_v3_0_vh_rfs.vhd:1534]
INFO: [Synth 8-638] synthesizing module 'axi_lite_ipif_v3_0_4_pselect_f__parameterized30' [c:/Users/nks/Desktop/TE_725_1023/project_1/project_1.srcs/sources_1/bd/module_ads7056/ipshared/0ba0/hdl/axi_lite_ipif_v3_0_vh_rfs.vhd:1534]
INFO: [Synth 8-256] done synthesizing module 'axi_lite_ipif_v3_0_4_pselect_f__parameterized30' (1#1) [c:/Users/nks/Desktop/TE_725_1023/project_1/project_1.srcs/sources_1/bd/module_ads7056/ipshared/0ba0/hdl/axi_lite_ipif_v3_0_vh_rfs.vhd:1534]
INFO: [Synth 8-638] synthesizing module 'axi_lite_ipif_v3_0_4_pselect_f__parameterized31' [c:/Users/nks/Desktop/TE_725_1023/project_1/project_1.srcs/sources_1/bd/module_ads7056/ipshared/0ba0/hdl/axi_lite_ipif_v3_0_vh_rfs.vhd:1534]
INFO: [Synth 8-256] done synthesizing module 'axi_lite_ipif_v3_0_4_pselect_f__parameterized31' (1#1) [c:/Users/nks/Desktop/TE_725_1023/project_1/project_1.srcs/sources_1/bd/module_ads7056/ipshared/0ba0/hdl/axi_lite_ipif_v3_0_vh_rfs.vhd:1534]
INFO: [Synth 8-638] synthesizing module 'axi_lite_ipif_v3_0_4_pselect_f__parameterized32' [c:/Users/nks/Desktop/TE_725_1023/project_1/project_1.srcs/sources_1/bd/module_ads7056/ipshared/0ba0/hdl/axi_lite_ipif_v3_0_vh_rfs.vhd:1534]
INFO: [Synth 8-256] done synthesizing module 'axi_lite_ipif_v3_0_4_pselect_f__parameterized32' (1#1) [c:/Users/nks/Desktop/TE_725_1023/project_1/project_1.srcs/sources_1/bd/module_ads7056/ipshared/0ba0/hdl/axi_lite_ipif_v3_0_vh_rfs.vhd:1534]
INFO: [Synth 8-638] synthesizing module 'axi_lite_ipif_v3_0_4_pselect_f__parameterized33' [c:/Users/nks/Desktop/TE_725_1023/project_1/project_1.srcs/sources_1/bd/module_ads7056/ipshared/0ba0/hdl/axi_lite_ipif_v3_0_vh_rfs.vhd:1534]
INFO: [Synth 8-256] done synthesizing module 'axi_lite_ipif_v3_0_4_pselect_f__parameterized33' (1#1) [c:/Users/nks/Desktop/TE_725_1023/project_1/project_1.srcs/sources_1/bd/module_ads7056/ipshared/0ba0/hdl/axi_lite_ipif_v3_0_vh_rfs.vhd:1534]
INFO: [Synth 8-256] done synthesizing module 'address_decoder' (2#1) [c:/Users/nks/Desktop/TE_725_1023/project_1/project_1.srcs/sources_1/bd/module_ads7056/ipshared/0ba0/hdl/axi_lite_ipif_v3_0_vh_rfs.vhd:1775]
INFO: [Synth 8-256] done synthesizing module 'slave_attachment' (3#1) [c:/Users/nks/Desktop/TE_725_1023/project_1/project_1.srcs/sources_1/bd/module_ads7056/ipshared/0ba0/hdl/axi_lite_ipif_v3_0_vh_rfs.vhd:2341]
INFO: [Synth 8-256] done synthesizing module 'axi_lite_ipif' (4#1) [c:/Users/nks/Desktop/TE_725_1023/project_1/project_1.srcs/sources_1/bd/module_ads7056/ipshared/0ba0/hdl/axi_lite_ipif_v3_0_vh_rfs.vhd:2948]
INFO: [Synth 8-638] synthesizing module 'qspi_core_interface' [c:/Users/nks/Desktop/TE_725_1023/project_1/project_1.srcs/sources_1/bd/module_ads7056/ipshared/e7ca/hdl/axi_quad_spi_v3_2_rfs.vhd:17818]
INFO: [Synth 8-638] synthesizing module 'reset_sync_module' [c:/Users/nks/Desktop/TE_725_1023/project_1/project_1.srcs/sources_1/bd/module_ads7056/ipshared/e7ca/hdl/axi_quad_spi_v3_2_rfs.vhd:2426]
INFO: [Synth 8-256] done synthesizing module 'reset_sync_module' (5#1) [c:/Users/nks/Desktop/TE_725_1023/project_1/project_1.srcs/sources_1/bd/module_ads7056/ipshared/e7ca/hdl/axi_quad_spi_v3_2_rfs.vhd:2426]
INFO: [Synth 8-638] synthesizing module 'cross_clk_sync_fifo_1' [c:/Users/nks/Desktop/TE_725_1023/project_1/project_1.srcs/sources_1/bd/module_ads7056/ipshared/e7ca/hdl/axi_quad_spi_v3_2_rfs.vhd:13568]
INFO: [Synth 8-638] synthesizing module 'cdc_sync' [c:/Users/nks/Desktop/TE_725_1023/project_1/project_1.srcs/sources_1/bd/module_ads7056/ipshared/52cb/hdl/lib_cdc_v1_0_rfs.vhd:106]
INFO: [Synth 8-256] done synthesizing module 'cdc_sync' (6#1) [c:/Users/nks/Desktop/TE_725_1023/project_1/project_1.srcs/sources_1/bd/module_ads7056/ipshared/52cb/hdl/lib_cdc_v1_0_rfs.vhd:106]
INFO: [Synth 8-638] synthesizing module 'cdc_sync__parameterized0' [c:/Users/nks/Desktop/TE_725_1023/project_1/project_1.srcs/sources_1/bd/module_ads7056/ipshared/52cb/hdl/lib_cdc_v1_0_rfs.vhd:106]
INFO: [Synth 8-256] done synthesizing module 'cdc_sync__parameterized0' (6#1) [c:/Users/nks/Desktop/TE_725_1023/project_1/project_1.srcs/sources_1/bd/module_ads7056/ipshared/52cb/hdl/lib_cdc_v1_0_rfs.vhd:106]
INFO: [Synth 8-638] synthesizing module 'cdc_sync__parameterized1' [c:/Users/nks/Desktop/TE_725_1023/project_1/project_1.srcs/sources_1/bd/module_ads7056/ipshared/52cb/hdl/lib_cdc_v1_0_rfs.vhd:106]
INFO: [Synth 8-256] done synthesizing module 'cdc_sync__parameterized1' (6#1) [c:/Users/nks/Desktop/TE_725_1023/project_1/project_1.srcs/sources_1/bd/module_ads7056/ipshared/52cb/hdl/lib_cdc_v1_0_rfs.vhd:106]
INFO: [Synth 8-638] synthesizing module 'cdc_sync__parameterized2' [c:/Users/nks/Desktop/TE_725_1023/project_1/project_1.srcs/sources_1/bd/module_ads7056/ipshared/52cb/hdl/lib_cdc_v1_0_rfs.vhd:106]
INFO: [Synth 8-256] done synthesizing module 'cdc_sync__parameterized2' (6#1) [c:/Users/nks/Desktop/TE_725_1023/project_1/project_1.srcs/sources_1/bd/module_ads7056/ipshared/52cb/hdl/lib_cdc_v1_0_rfs.vhd:106]
INFO: [Synth 8-638] synthesizing module 'cdc_sync__parameterized3' [c:/Users/nks/Desktop/TE_725_1023/project_1/project_1.srcs/sources_1/bd/module_ads7056/ipshared/52cb/hdl/lib_cdc_v1_0_rfs.vhd:106]
INFO: [Synth 8-256] done synthesizing module 'cdc_sync__parameterized3' (6#1) [c:/Users/nks/Desktop/TE_725_1023/project_1/project_1.srcs/sources_1/bd/module_ads7056/ipshared/52cb/hdl/lib_cdc_v1_0_rfs.vhd:106]
INFO: [Synth 8-638] synthesizing module 'cdc_sync__parameterized4' [c:/Users/nks/Desktop/TE_725_1023/project_1/project_1.srcs/sources_1/bd/module_ads7056/ipshared/52cb/hdl/lib_cdc_v1_0_rfs.vhd:106]
INFO: [Synth 8-256] done synthesizing module 'cdc_sync__parameterized4' (6#1) [c:/Users/nks/Desktop/TE_725_1023/project_1/project_1.srcs/sources_1/bd/module_ads7056/ipshared/52cb/hdl/lib_cdc_v1_0_rfs.vhd:106]
INFO: [Synth 8-638] synthesizing module 'cdc_sync__parameterized5' [c:/Users/nks/Desktop/TE_725_1023/project_1/project_1.srcs/sources_1/bd/module_ads7056/ipshared/52cb/hdl/lib_cdc_v1_0_rfs.vhd:106]
INFO: [Synth 8-256] done synthesizing module 'cdc_sync__parameterized5' (6#1) [c:/Users/nks/Desktop/TE_725_1023/project_1/project_1.srcs/sources_1/bd/module_ads7056/ipshared/52cb/hdl/lib_cdc_v1_0_rfs.vhd:106]
INFO: [Synth 8-638] synthesizing module 'cdc_sync__parameterized6' [c:/Users/nks/Desktop/TE_725_1023/project_1/project_1.srcs/sources_1/bd/module_ads7056/ipshared/52cb/hdl/lib_cdc_v1_0_rfs.vhd:106]
INFO: [Synth 8-256] done synthesizing module 'cdc_sync__parameterized6' (6#1) [c:/Users/nks/Desktop/TE_725_1023/project_1/project_1.srcs/sources_1/bd/module_ads7056/ipshared/52cb/hdl/lib_cdc_v1_0_rfs.vhd:106]
INFO: [Synth 8-638] synthesizing module 'cdc_sync__parameterized7' [c:/Users/nks/Desktop/TE_725_1023/project_1/project_1.srcs/sources_1/bd/module_ads7056/ipshared/52cb/hdl/lib_cdc_v1_0_rfs.vhd:106]
INFO: [Synth 8-256] done synthesizing module 'cdc_sync__parameterized7' (6#1) [c:/Users/nks/Desktop/TE_725_1023/project_1/project_1.srcs/sources_1/bd/module_ads7056/ipshared/52cb/hdl/lib_cdc_v1_0_rfs.vhd:106]
INFO: [Synth 8-638] synthesizing module 'cdc_sync__parameterized8' [c:/Users/nks/Desktop/TE_725_1023/project_1/project_1.srcs/sources_1/bd/module_ads7056/ipshared/52cb/hdl/lib_cdc_v1_0_rfs.vhd:106]
INFO: [Synth 8-256] done synthesizing module 'cdc_sync__parameterized8' (6#1) [c:/Users/nks/Desktop/TE_725_1023/project_1/project_1.srcs/sources_1/bd/module_ads7056/ipshared/52cb/hdl/lib_cdc_v1_0_rfs.vhd:106]
INFO: [Synth 8-638] synthesizing module 'cdc_sync__parameterized9' [c:/Users/nks/Desktop/TE_725_1023/project_1/project_1.srcs/sources_1/bd/module_ads7056/ipshared/52cb/hdl/lib_cdc_v1_0_rfs.vhd:106]
INFO: [Synth 8-256] done synthesizing module 'cdc_sync__parameterized9' (6#1) [c:/Users/nks/Desktop/TE_725_1023/project_1/project_1.srcs/sources_1/bd/module_ads7056/ipshared/52cb/hdl/lib_cdc_v1_0_rfs.vhd:106]
INFO: [Synth 8-638] synthesizing module 'cdc_sync__parameterized10' [c:/Users/nks/Desktop/TE_725_1023/project_1/project_1.srcs/sources_1/bd/module_ads7056/ipshared/52cb/hdl/lib_cdc_v1_0_rfs.vhd:106]
INFO: [Synth 8-256] done synthesizing module 'cdc_sync__parameterized10' (6#1) [c:/Users/nks/Desktop/TE_725_1023/project_1/project_1.srcs/sources_1/bd/module_ads7056/ipshared/52cb/hdl/lib_cdc_v1_0_rfs.vhd:106]
INFO: [Synth 8-638] synthesizing module 'cdc_sync__parameterized11' [c:/Users/nks/Desktop/TE_725_1023/project_1/project_1.srcs/sources_1/bd/module_ads7056/ipshared/52cb/hdl/lib_cdc_v1_0_rfs.vhd:106]
INFO: [Synth 8-256] done synthesizing module 'cdc_sync__parameterized11' (6#1) [c:/Users/nks/Desktop/TE_725_1023/project_1/project_1.srcs/sources_1/bd/module_ads7056/ipshared/52cb/hdl/lib_cdc_v1_0_rfs.vhd:106]
INFO: [Synth 8-638] synthesizing module 'cdc_sync__parameterized12' [c:/Users/nks/Desktop/TE_725_1023/project_1/project_1.srcs/sources_1/bd/module_ads7056/ipshared/52cb/hdl/lib_cdc_v1_0_rfs.vhd:106]
INFO: [Synth 8-256] done synthesizing module 'cdc_sync__parameterized12' (6#1) [c:/Users/nks/Desktop/TE_725_1023/project_1/project_1.srcs/sources_1/bd/module_ads7056/ipshared/52cb/hdl/lib_cdc_v1_0_rfs.vhd:106]
INFO: [Synth 8-638] synthesizing module 'cdc_sync__parameterized13' [c:/Users/nks/Desktop/TE_725_1023/project_1/project_1.srcs/sources_1/bd/module_ads7056/ipshared/52cb/hdl/lib_cdc_v1_0_rfs.vhd:106]
INFO: [Synth 8-256] done synthesizing module 'cdc_sync__parameterized13' (6#1) [c:/Users/nks/Desktop/TE_725_1023/project_1/project_1.srcs/sources_1/bd/module_ads7056/ipshared/52cb/hdl/lib_cdc_v1_0_rfs.vhd:106]
INFO: [Synth 8-638] synthesizing module 'cdc_sync__parameterized14' [c:/Users/nks/Desktop/TE_725_1023/project_1/project_1.srcs/sources_1/bd/module_ads7056/ipshared/52cb/hdl/lib_cdc_v1_0_rfs.vhd:106]
INFO: [Synth 8-256] done synthesizing module 'cdc_sync__parameterized14' (6#1) [c:/Users/nks/Desktop/TE_725_1023/project_1/project_1.srcs/sources_1/bd/module_ads7056/ipshared/52cb/hdl/lib_cdc_v1_0_rfs.vhd:106]
INFO: [Synth 8-638] synthesizing module 'cdc_sync__parameterized15' [c:/Users/nks/Desktop/TE_725_1023/project_1/project_1.srcs/sources_1/bd/module_ads7056/ipshared/52cb/hdl/lib_cdc_v1_0_rfs.vhd:106]
INFO: [Synth 8-256] done synthesizing module 'cdc_sync__parameterized15' (6#1) [c:/Users/nks/Desktop/TE_725_1023/project_1/project_1.srcs/sources_1/bd/module_ads7056/ipshared/52cb/hdl/lib_cdc_v1_0_rfs.vhd:106]
INFO: [Synth 8-638] synthesizing module 'cdc_sync__parameterized16' [c:/Users/nks/Desktop/TE_725_1023/project_1/project_1.srcs/sources_1/bd/module_ads7056/ipshared/52cb/hdl/lib_cdc_v1_0_rfs.vhd:106]
INFO: [Synth 8-256] done synthesizing module 'cdc_sync__parameterized16' (6#1) [c:/Users/nks/Desktop/TE_725_1023/project_1/project_1.srcs/sources_1/bd/module_ads7056/ipshared/52cb/hdl/lib_cdc_v1_0_rfs.vhd:106]
INFO: [Synth 8-256] done synthesizing module 'cross_clk_sync_fifo_1' (7#1) [c:/Users/nks/Desktop/TE_725_1023/project_1/project_1.srcs/sources_1/bd/module_ads7056/ipshared/e7ca/hdl/axi_quad_spi_v3_2_rfs.vhd:13568]
INFO: [Synth 8-638] synthesizing module 'async_fifo_fg' [c:/Users/nks/Desktop/TE_725_1023/project_1/project_1.srcs/sources_1/bd/module_ads7056/ipshared/5ab6/hdl/lib_fifo_v1_0_rfs.vhd:253]
INFO: [Synth 8-256] done synthesizing module 'async_fifo_fg' (31#1) [c:/Users/nks/Desktop/TE_725_1023/project_1/project_1.srcs/sources_1/bd/module_ads7056/ipshared/5ab6/hdl/lib_fifo_v1_0_rfs.vhd:253]
INFO: [Synth 8-638] synthesizing module 'cdc_sync__parameterized17' [c:/Users/nks/Desktop/TE_725_1023/project_1/project_1.srcs/sources_1/bd/module_ads7056/ipshared/52cb/hdl/lib_cdc_v1_0_rfs.vhd:106]
INFO: [Synth 8-256] done synthesizing module 'cdc_sync__parameterized17' (31#1) [c:/Users/nks/Desktop/TE_725_1023/project_1/project_1.srcs/sources_1/bd/module_ads7056/ipshared/52cb/hdl/lib_cdc_v1_0_rfs.vhd:106]
INFO: [Synth 8-638] synthesizing module 'cdc_sync__parameterized18' [c:/Users/nks/Desktop/TE_725_1023/project_1/project_1.srcs/sources_1/bd/module_ads7056/ipshared/52cb/hdl/lib_cdc_v1_0_rfs.vhd:106]
INFO: [Synth 8-256] done synthesizing module 'cdc_sync__parameterized18' (31#1) [c:/Users/nks/Desktop/TE_725_1023/project_1/project_1.srcs/sources_1/bd/module_ads7056/ipshared/52cb/hdl/lib_cdc_v1_0_rfs.vhd:106]
INFO: [Synth 8-638] synthesizing module 'counter_f' [c:/Users/nks/Desktop/TE_725_1023/project_1/project_1.srcs/sources_1/bd/module_ads7056/ipshared/e7ca/hdl/axi_quad_spi_v3_2_rfs.vhd:669]
INFO: [Synth 8-256] done synthesizing module 'counter_f' (32#1) [c:/Users/nks/Desktop/TE_725_1023/project_1/project_1.srcs/sources_1/bd/module_ads7056/ipshared/e7ca/hdl/axi_quad_spi_v3_2_rfs.vhd:669]
INFO: [Synth 8-638] synthesizing module 'qspi_fifo_ifmodule' [c:/Users/nks/Desktop/TE_725_1023/project_1/project_1.srcs/sources_1/bd/module_ads7056/ipshared/e7ca/hdl/axi_quad_spi_v3_2_rfs.vhd:12095]
INFO: [Synth 8-256] done synthesizing module 'qspi_fifo_ifmodule' (33#1) [c:/Users/nks/Desktop/TE_725_1023/project_1/project_1.srcs/sources_1/bd/module_ads7056/ipshared/e7ca/hdl/axi_quad_spi_v3_2_rfs.vhd:12095]
INFO: [Synth 8-638] synthesizing module 'qspi_occupancy_reg' [c:/Users/nks/Desktop/TE_725_1023/project_1/project_1.srcs/sources_1/bd/module_ads7056/ipshared/e7ca/hdl/axi_quad_spi_v3_2_rfs.vhd:3646]
INFO: [Synth 8-256] done synthesizing module 'qspi_occupancy_reg' (34#1) [c:/Users/nks/Desktop/TE_725_1023/project_1/project_1.srcs/sources_1/bd/module_ads7056/ipshared/e7ca/hdl/axi_quad_spi_v3_2_rfs.vhd:3646]
INFO: [Synth 8-638] synthesizing module 'qspi_look_up_logic' [c:/Users/nks/Desktop/TE_725_1023/project_1/project_1.srcs/sources_1/bd/module_ads7056/ipshared/e7ca/hdl/axi_quad_spi_v3_2_rfs.vhd:10208]
INFO: [Synth 8-256] done synthesizing module 'qspi_look_up_logic' (38#1) [c:/Users/nks/Desktop/TE_725_1023/project_1/project_1.srcs/sources_1/bd/module_ads7056/ipshared/e7ca/hdl/axi_quad_spi_v3_2_rfs.vhd:10208]
INFO: [Synth 8-638] synthesizing module 'qspi_mode_control_logic' [c:/Users/nks/Desktop/TE_725_1023/project_1/project_1.srcs/sources_1/bd/module_ads7056/ipshared/e7ca/hdl/axi_quad_spi_v3_2_rfs.vhd:3870]
INFO: [Synth 8-256] done synthesizing module 'qspi_mode_control_logic' (39#1) [c:/Users/nks/Desktop/TE_725_1023/project_1/project_1.srcs/sources_1/bd/module_ads7056/ipshared/e7ca/hdl/axi_quad_spi_v3_2_rfs.vhd:3870]
INFO: [Synth 8-638] synthesizing module 'qspi_cntrl_reg' [c:/Users/nks/Desktop/TE_725_1023/project_1/project_1.srcs/sources_1/bd/module_ads7056/ipshared/e7ca/hdl/axi_quad_spi_v3_2_rfs.vhd:12450]
INFO: [Synth 8-256] done synthesizing module 'qspi_cntrl_reg' (40#1) [c:/Users/nks/Desktop/TE_725_1023/project_1/project_1.srcs/sources_1/bd/module_ads7056/ipshared/e7ca/hdl/axi_quad_spi_v3_2_rfs.vhd:12450]
INFO: [Synth 8-638] synthesizing module 'qspi_status_slave_sel_reg' [c:/Users/nks/Desktop/TE_725_1023/project_1/project_1.srcs/sources_1/bd/module_ads7056/ipshared/e7ca/hdl/axi_quad_spi_v3_2_rfs.vhd:2657]
INFO: [Synth 8-256] done synthesizing module 'qspi_status_slave_sel_reg' (41#1) [c:/Users/nks/Desktop/TE_725_1023/project_1/project_1.srcs/sources_1/bd/module_ads7056/ipshared/e7ca/hdl/axi_quad_spi_v3_2_rfs.vhd:2657]
INFO: [Synth 8-638] synthesizing module 'soft_reset' [c:/Users/nks/Desktop/TE_725_1023/project_1/project_1.srcs/sources_1/bd/module_ads7056/ipshared/e7ca/hdl/axi_quad_spi_v3_2_rfs.vhd:874]
INFO: [Synth 8-256] done synthesizing module 'soft_reset' (42#1) [c:/Users/nks/Desktop/TE_725_1023/project_1/project_1.srcs/sources_1/bd/module_ads7056/ipshared/e7ca/hdl/axi_quad_spi_v3_2_rfs.vhd:874]
INFO: [Synth 8-638] synthesizing module 'interrupt_control' [c:/Users/nks/Desktop/TE_725_1023/project_1/project_1.srcs/sources_1/bd/module_ads7056/ipshared/e956/hdl/interrupt_control_v3_1_vh_rfs.vhd:259]
INFO: [Synth 8-256] done synthesizing module 'interrupt_control' (43#1) [c:/Users/nks/Desktop/TE_725_1023/project_1/project_1.srcs/sources_1/bd/module_ads7056/ipshared/e956/hdl/interrupt_control_v3_1_vh_rfs.vhd:259]
INFO: [Synth 8-256] done synthesizing module 'qspi_core_interface' (44#1) [c:/Users/nks/Desktop/TE_725_1023/project_1/project_1.srcs/sources_1/bd/module_ads7056/ipshared/e7ca/hdl/axi_quad_spi_v3_2_rfs.vhd:17818]
INFO: [Synth 8-256] done synthesizing module 'axi_quad_spi_top' (45#1) [c:/Users/nks/Desktop/TE_725_1023/project_1/project_1.srcs/sources_1/bd/module_ads7056/ipshared/e7ca/hdl/axi_quad_spi_v3_2_rfs.vhd:31276]
INFO: [Synth 8-256] done synthesizing module 'axi_quad_spi' (46#1) [c:/Users/nks/Desktop/TE_725_1023/project_1/project_1.srcs/sources_1/bd/module_ads7056/ipshared/e7ca/hdl/axi_quad_spi_v3_2_rfs.vhd:33002]
INFO: [Synth 8-256] done synthesizing module 'module_ads7056_axi_quad_spi_0_0' (47#1) [c:/Users/nks/Desktop/TE_725_1023/project_1/project_1.srcs/sources_1/bd/module_ads7056/ip/module_ads7056_axi_quad_spi_0_0/synth/module_ads7056_axi_quad_spi_0_0.vhd:103]
Finished RTL Elaboration : Time (s): cpu = 00:00:32 ; elapsed = 00:00:38 . Memory (MB): peak = 469.012 ; gain = 258.566
Finished RTL Optimization Phase 1 : Time (s): cpu = 00:00:33 ; elapsed = 00:00:39 . Memory (MB): peak = 469.012 ; gain = 258.566
INFO: [Device 21-403] Loading part xc7a35tcsg324-2
Constraint Validation Runtime : Time (s): cpu = 00:00:00 ; elapsed = 00:00:00.052 . Memory (MB): peak = 657.328 ; gain = 0.000
Finished Constraint Validation : Time (s): cpu = 00:00:44 ; elapsed = 00:00:51 . Memory (MB): peak = 657.328 ; gain = 446.883
Finished Loading Part and Timing Information : Time (s): cpu = 00:00:44 ; elapsed = 00:00:51 . Memory (MB): peak = 657.328 ; gain = 446.883
Finished applying 'set_property' XDC Constraints : Time (s): cpu = 00:00:44 ; elapsed = 00:00:51 . Memory (MB): peak = 657.328 ; gain = 446.883
Finished RTL Optimization Phase 2 : Time (s): cpu = 00:00:47 ; elapsed = 00:00:54 . Memory (MB): peak = 657.328 ; gain = 446.883
Finished Cross Boundary and Area Optimization : Time (s): cpu = 00:00:51 ; elapsed = 00:00:59 . Memory (MB): peak = 657.328 ; gain = 446.883
---------------------------------------------------------------------------------
Start ROM, RAM, DSP and Shift Register Reporting
---------------------------------------------------------------------------------

ROM:
+-------------+-------------------------------------------------------------------------------------------------------------------------------------------------------------------------------------------------------------------------------------------------------------------------+---------------+----------------+
|Module Name  | RTL Object                                                                                                                                                                                                                                                              | Depth x Width | Implemented As | 
+-------------+-------------------------------------------------------------------------------------------------------------------------------------------------------------------------------------------------------------------------------------------------------------------------+---------------+----------------+
|rom          | rom[255]                                                                                                                                                                                                                                                                | 256x12        | LUT            | 
|axi_quad_spi | NO_DUAL_QUAD_MODE.QSPI_NORMAL/QSPI_LEGACY_MD_GEN.QSPI_CORE_INTERFACE_I/LOGIC_FOR_MD_12_GEN.SPI_MODE_1_LUT_LOGIC_I/QSPI_LOOK_UP_MODE_2_MEMORY_3.dist_mem_gen_QSPI_LOOK_UP_MODE_2_MEMORY_3.C_SPI_MODE_1_MIXED_ROM_I/synth_options.dist_mem_inst/gen_rom.rom_inst/rom[255] | 256x12        | LUT            | 
+-------------+-------------------------------------------------------------------------------------------------------------------------------------------------------------------------------------------------------------------------------------------------------------------------+---------------+----------------+


Distributed RAM: Preliminary Mapping  Report (see note below)
+-------------+----------------------------------------------------------------------------------------------------------------------------------------------------------------------------------------------------------------------------+----------------+----------------------+--------------+
|Module Name  | RTL Object                                                                                                                                                                                                                 | Inference      | Size (Depth x Width) | Primitives   | 
+-------------+----------------------------------------------------------------------------------------------------------------------------------------------------------------------------------------------------------------------------+----------------+----------------------+--------------+
|axi_quad_spi | NO_DUAL_QUAD_MODE.QSPI_NORMAL/QSPI_LEGACY_MD_GEN.QSPI_CORE_INTERFACE_I/FIFO_EXISTS.RX_FIFO_II/USE_2N_DEPTH.V6_S6_AND_LATER.I_ASYNC_FIFO_BRAM/inst_fifo_gen/gconvfifo.rf/grf.rf/gntv_or_sync_fifo.mem/gdm.dm_gen.dm/RAM_reg | User Attribute | 16 x 8               | RAM32M x 2   | 
|axi_quad_spi | NO_DUAL_QUAD_MODE.QSPI_NORMAL/QSPI_LEGACY_MD_GEN.QSPI_CORE_INTERFACE_I/FIFO_EXISTS.TX_FIFO_II/USE_2N_DEPTH.V6_S6_AND_LATER.I_ASYNC_FIFO_BRAM/inst_fifo_gen/gconvfifo.rf/grf.rf/gntv_or_sync_fifo.mem/gdm.dm_gen.dm/RAM_reg | User Attribute | 16 x 8               | RAM32M x 2   | 
+-------------+----------------------------------------------------------------------------------------------------------------------------------------------------------------------------------------------------------------------------+----------------+----------------------+--------------+

Note: The table above is a preliminary report that shows the Distributed RAMs at the current stage of the synthesis flow. Some Distributed RAMs may be reimplemented as non Distributed RAM primitives later in the synthesis flow. Multiple instantiated RAMs are reported only once.
---------------------------------------------------------------------------------
Finished ROM, RAM, DSP and Shift Register Reporting
---------------------------------------------------------------------------------
Finished Applying XDC Timing Constraints : Time (s): cpu = 00:01:03 ; elapsed = 00:01:12 . Memory (MB): peak = 657.328 ; gain = 446.883
Finished Timing Optimization : Time (s): cpu = 00:01:05 ; elapsed = 00:01:13 . Memory (MB): peak = 657.328 ; gain = 446.883
Finished Technology Mapping : Time (s): cpu = 00:01:05 ; elapsed = 00:01:14 . Memory (MB): peak = 657.328 ; gain = 446.883
Finished IO Insertion : Time (s): cpu = 00:01:06 ; elapsed = 00:01:14 . Memory (MB): peak = 657.328 ; gain = 446.883
Finished Renaming Generated Instances : Time (s): cpu = 00:01:06 ; elapsed = 00:01:14 . Memory (MB): peak = 657.328 ; gain = 446.883
Finished Rebuilding User Hierarchy : Time (s): cpu = 00:01:06 ; elapsed = 00:01:14 . Memory (MB): peak = 657.328 ; gain = 446.883
Finished Renaming Generated Ports : Time (s): cpu = 00:01:06 ; elapsed = 00:01:14 . Memory (MB): peak = 657.328 ; gain = 446.883
Finished Handling Custom Attributes : Time (s): cpu = 00:01:06 ; elapsed = 00:01:15 . Memory (MB): peak = 657.328 ; gain = 446.883
Finished Renaming Generated Nets : Time (s): cpu = 00:01:06 ; elapsed = 00:01:15 . Memory (MB): peak = 657.328 ; gain = 446.883

Report Cell Usage: 
+------+-------+------+
|      |Cell   |Count |
+------+-------+------+
|1     |LUT1   |    16|
|2     |LUT2   |    73|
|3     |LUT3   |    42|
|4     |LUT4   |    55|
|5     |LUT5   |    94|
|6     |LUT6   |   140|
|7     |MUXF7  |     5|
|8     |MUXF8  |     2|
|9     |RAM32M |     4|
|10    |SRL16E |     1|
|11    |FD     |    12|
|12    |FDCE   |   146|
|13    |FDPE   |    60|
|14    |FDR    |    67|
|15    |FDRE   |   285|
|16    |FDSE   |     6|
+------+-------+------+
Finished Writing Synthesis Report : Time (s): cpu = 00:01:06 ; elapsed = 00:01:15 . Memory (MB): peak = 657.328 ; gain = 446.883
synth_design: Time (s): cpu = 00:01:07 ; elapsed = 00:01:14 . Memory (MB): peak = 1087.039 ; gain = 863.906
